{"/home/travis/build/npmtest/node-npmtest-imap-simple/test.js":{"path":"/home/travis/build/npmtest/node-npmtest-imap-simple/test.js","s":{"1":2,"2":2,"3":2,"4":2,"5":2,"6":2,"7":2,"8":1,"9":2,"10":2,"11":1,"12":1,"13":1,"14":1,"15":2,"16":2,"17":2,"18":2,"19":1,"20":1,"21":2,"22":2,"23":2,"24":1,"25":1,"26":1,"27":1,"28":1,"29":1,"30":1,"31":1,"32":1,"33":1,"34":1,"35":1,"36":1,"37":1,"38":1,"39":2,"40":2,"41":1,"42":2,"43":2,"44":1,"45":2,"46":2,"47":1,"48":2,"49":2,"50":1,"51":1,"52":1,"53":1,"54":1},"b":{"1":[2,1,1,1],"2":[1,1,1,1],"3":[1,1],"4":[1,1],"5":[1,1],"6":[1,1],"7":[1,1],"8":[1,1],"9":[1,1],"10":[1,1,1],"11":[1,1],"12":[1,1],"13":[1,1],"14":[1,1],"15":[1,1],"16":[1,1],"17":[1,1]},"f":{"1":2,"2":2,"3":2,"4":2,"5":2,"6":1,"7":1,"8":1,"9":2,"10":2,"11":2,"12":2,"13":1},"fnMap":{"1":{"name":"(anonymous_1)","line":12,"loc":{"start":{"line":12,"column":1},"end":{"line":12,"column":13}}},"2":{"name":"(anonymous_2)","line":19,"loc":{"start":{"line":19,"column":5},"end":{"line":19,"column":17}}},"3":{"name":"(anonymous_3)","line":23,"loc":{"start":{"line":23,"column":24},"end":{"line":23,"column":36}}},"4":{"name":"(anonymous_4)","line":61,"loc":{"start":{"line":61,"column":5},"end":{"line":61,"column":17}}},"5":{"name":"(anonymous_5)","line":82,"loc":{"start":{"line":82,"column":5},"end":{"line":82,"column":17}}},"6":{"name":"(anonymous_6)","line":91,"loc":{"start":{"line":91,"column":77},"end":{"line":94,"column":10}}},"7":{"name":"(anonymous_7)","line":112,"loc":{"start":{"line":112,"column":83},"end":{"line":115,"column":10}},"skip":true},"8":{"name":"(anonymous_8)","line":123,"loc":{"start":{"line":123,"column":77},"end":{"line":126,"column":10}},"skip":true},"9":{"name":"(anonymous_9)","line":139,"loc":{"start":{"line":139,"column":12},"end":{"line":139,"column":40}},"skip":true},"10":{"name":"(anonymous_10)","line":147,"loc":{"start":{"line":147,"column":77},"end":{"line":150,"column":10}},"skip":true},"11":{"name":"(anonymous_11)","line":158,"loc":{"start":{"line":158,"column":83},"end":{"line":161,"column":10}},"skip":true},"12":{"name":"(anonymous_12)","line":169,"loc":{"start":{"line":169,"column":79},"end":{"line":172,"column":10}},"skip":true},"13":{"name":"(anonymous_13)","line":180,"loc":{"start":{"line":180,"column":75},"end":{"line":183,"column":10}},"skip":true}},"statementMap":{"1":{"start":{"line":12,"column":0},"end":{"line":195,"column":5}},"2":{"start":{"line":14,"column":4},"end":{"line":14,"column":14}},"3":{"start":{"line":19,"column":4},"end":{"line":56,"column":9}},"4":{"start":{"line":21,"column":8},"end":{"line":21,"column":19}},"5":{"start":{"line":23,"column":8},"end":{"line":35,"column":13}},"6":{"start":{"line":24,"column":12},"end":{"line":34,"column":13}},"7":{"start":{"line":25,"column":16},"end":{"line":28,"column":30}},"8":{"start":{"line":30,"column":16},"end":{"line":33,"column":27}},"9":{"start":{"line":37,"column":8},"end":{"line":39,"column":21}},"10":{"start":{"line":40,"column":8},"end":{"line":53,"column":9}},"11":{"start":{"line":43,"column":12},"end":{"line":46,"column":14}},"12":{"start":{"line":47,"column":12},"end":{"line":47,"column":18}},"13":{"start":{"line":50,"column":12},"end":{"line":51,"column":46}},"14":{"start":{"line":52,"column":12},"end":{"line":52,"column":18}},"15":{"start":{"line":55,"column":8},"end":{"line":55,"column":35}},"16":{"start":{"line":61,"column":4},"end":{"line":63,"column":9}},"17":{"start":{"line":62,"column":8},"end":{"line":62,"column":15}},"18":{"start":{"line":64,"column":4},"end":{"line":77,"column":5}},"19":{"start":{"line":70,"column":8},"end":{"line":70,"column":14}},"20":{"start":{"line":76,"column":8},"end":{"line":76,"column":14}},"21":{"start":{"line":82,"column":4},"end":{"line":84,"column":9}},"22":{"start":{"line":83,"column":8},"end":{"line":83,"column":15}},"23":{"start":{"line":85,"column":4},"end":{"line":194,"column":5}},"24":{"start":{"line":91,"column":8},"end":{"line":99,"column":10}},"25":{"start":{"line":98,"column":12},"end":{"line":98,"column":35}},"26":{"start":{"line":102,"column":8},"end":{"line":104,"column":63}},"27":{"start":{"line":105,"column":8},"end":{"line":105,"column":14}},"28":{"start":{"line":112,"column":8},"end":{"line":121,"column":10},"skip":true},"29":{"start":{"line":119,"column":12},"end":{"line":119,"column":55},"skip":true},"30":{"start":{"line":120,"column":12},"end":{"line":120,"column":48},"skip":true},"31":{"start":{"line":123,"column":8},"end":{"line":136,"column":10},"skip":true},"32":{"start":{"line":130,"column":12},"end":{"line":130,"column":76},"skip":true},"33":{"start":{"line":131,"column":12},"end":{"line":131,"column":73},"skip":true},"34":{"start":{"line":132,"column":12},"end":{"line":132,"column":74},"skip":true},"35":{"start":{"line":133,"column":12},"end":{"line":133,"column":79},"skip":true},"36":{"start":{"line":134,"column":12},"end":{"line":134,"column":25},"skip":true},"37":{"start":{"line":135,"column":12},"end":{"line":135,"column":45},"skip":true},"38":{"start":{"line":138,"column":8},"end":{"line":145,"column":14},"skip":true},"39":{"start":{"line":143,"column":16},"end":{"line":143,"column":29},"skip":true},"40":{"start":{"line":144,"column":16},"end":{"line":144,"column":55},"skip":true},"41":{"start":{"line":147,"column":8},"end":{"line":156,"column":10},"skip":true},"42":{"start":{"line":154,"column":12},"end":{"line":154,"column":25},"skip":true},"43":{"start":{"line":155,"column":12},"end":{"line":155,"column":45},"skip":true},"44":{"start":{"line":158,"column":8},"end":{"line":167,"column":10},"skip":true},"45":{"start":{"line":165,"column":12},"end":{"line":165,"column":25},"skip":true},"46":{"start":{"line":166,"column":12},"end":{"line":166,"column":48},"skip":true},"47":{"start":{"line":169,"column":8},"end":{"line":178,"column":10},"skip":true},"48":{"start":{"line":176,"column":12},"end":{"line":176,"column":25},"skip":true},"49":{"start":{"line":177,"column":12},"end":{"line":177,"column":46},"skip":true},"50":{"start":{"line":180,"column":8},"end":{"line":189,"column":10},"skip":true},"51":{"start":{"line":187,"column":12},"end":{"line":187,"column":94},"skip":true},"52":{"start":{"line":188,"column":12},"end":{"line":188,"column":48},"skip":true},"53":{"start":{"line":192,"column":8},"end":{"line":192,"column":35},"skip":true},"54":{"start":{"line":193,"column":8},"end":{"line":193,"column":14},"skip":true}},"branchMap":{"1":{"line":25,"type":"binary-expr","locations":[{"start":{"line":25,"column":23},"end":{"line":25,"column":62}},{"start":{"line":26,"column":20},"end":{"line":26,"column":70}},{"start":{"line":27,"column":20},"end":{"line":27,"column":71}},{"start":{"line":28,"column":20},"end":{"line":28,"column":29}}]},"2":{"line":30,"type":"binary-expr","locations":[{"start":{"line":30,"column":23},"end":{"line":30,"column":37}},{"start":{"line":31,"column":20},"end":{"line":31,"column":61}},{"start":{"line":32,"column":20},"end":{"line":32,"column":70}},{"start":{"line":33,"column":20},"end":{"line":33,"column":26}}]},"3":{"line":37,"type":"cond-expr","locations":[{"start":{"line":38,"column":14},"end":{"line":38,"column":20}},{"start":{"line":39,"column":14},"end":{"line":39,"column":20}}]},"4":{"line":40,"type":"switch","locations":[{"start":{"line":42,"column":8},"end":{"line":47,"column":18}},{"start":{"line":49,"column":8},"end":{"line":52,"column":18}}]},"5":{"line":44,"type":"binary-expr","locations":[{"start":{"line":44,"column":16},"end":{"line":44,"column":44}},{"start":{"line":44,"column":48},"end":{"line":44,"column":66}}]},"6":{"line":50,"type":"binary-expr","locations":[{"start":{"line":50,"column":21},"end":{"line":50,"column":49}},{"start":{"line":50,"column":53},"end":{"line":50,"column":72}}]},"7":{"line":64,"type":"switch","locations":[{"start":{"line":69,"column":4},"end":{"line":70,"column":14}},{"start":{"line":75,"column":4},"end":{"line":76,"column":14}}]},"8":{"line":85,"type":"switch","locations":[{"start":{"line":90,"column":4},"end":{"line":105,"column":14}},{"start":{"line":111,"column":4},"end":{"line":193,"column":14},"skip":true}]},"9":{"line":91,"type":"binary-expr","locations":[{"start":{"line":91,"column":42},"end":{"line":91,"column":73}},{"start":{"line":91,"column":77},"end":{"line":99,"column":9}}]},"10":{"line":102,"type":"binary-expr","locations":[{"start":{"line":102,"column":18},"end":{"line":102,"column":32}},{"start":{"line":103,"column":12},"end":{"line":103,"column":53}},{"start":{"line":104,"column":12},"end":{"line":104,"column":61}}]},"11":{"line":112,"type":"binary-expr","locations":[{"start":{"line":112,"column":45},"end":{"line":112,"column":79},"skip":true},{"start":{"line":112,"column":83},"end":{"line":121,"column":9},"skip":true}]},"12":{"line":123,"type":"binary-expr","locations":[{"start":{"line":123,"column":42},"end":{"line":123,"column":73},"skip":true},{"start":{"line":123,"column":77},"end":{"line":136,"column":9},"skip":true}]},"13":{"line":138,"type":"binary-expr","locations":[{"start":{"line":138,"column":48},"end":{"line":138,"column":85},"skip":true},{"start":{"line":139,"column":12},"end":{"line":145,"column":13},"skip":true}]},"14":{"line":147,"type":"binary-expr","locations":[{"start":{"line":147,"column":42},"end":{"line":147,"column":73},"skip":true},{"start":{"line":147,"column":77},"end":{"line":156,"column":9},"skip":true}]},"15":{"line":158,"type":"binary-expr","locations":[{"start":{"line":158,"column":45},"end":{"line":158,"column":79},"skip":true},{"start":{"line":158,"column":83},"end":{"line":167,"column":9},"skip":true}]},"16":{"line":169,"type":"binary-expr","locations":[{"start":{"line":169,"column":43},"end":{"line":169,"column":75},"skip":true},{"start":{"line":169,"column":79},"end":{"line":178,"column":9},"skip":true}]},"17":{"line":180,"type":"binary-expr","locations":[{"start":{"line":180,"column":41},"end":{"line":180,"column":71},"skip":true},{"start":{"line":180,"column":75},"end":{"line":189,"column":9},"skip":true}]}},"code":["/* istanbul instrument in package npmtest_imap_simple */","/*jslint","    bitwise: true,","    browser: true,","    maxerr: 8,","    maxlen: 96,","    node: true,","    nomen: true,","    regexp: true,","    stupid: true","*/","(function () {","    'use strict';","    var local;","","","","    // run shared js-env code - pre-init","    (function () {","        // init local","        local = {};","        // init modeJs","        local.modeJs = (function () {","            try {","                return typeof navigator.userAgent === 'string' &&","                    typeof document.querySelector('body') === 'object' &&","                    typeof XMLHttpRequest.prototype.open === 'function' &&","                    'browser';","            } catch (errorCaughtBrowser) {","                return module.exports &&","                    typeof process.versions.node === 'string' &&","                    typeof require('http').createServer === 'function' &&","                    'node';","            }","        }());","        // init global","        local.global = local.modeJs === 'browser'","            ? window","            : global;","        switch (local.modeJs) {","        // re-init local from window.local","        case 'browser':","            local = local.global.utility2.objectSetDefault(","                local.global.utility2_rollup || local.global.local,","                local.global.utility2","            );","            break;","        // re-init local from example.js","        case 'node':","            local = (local.global.utility2_rollup || require('utility2'))","                .requireExampleJsFromReadme();","            break;","        }","        // export local","        local.global.local = local;","    }());","","","","    // run shared js-env code - function","    (function () {","        return;","    }());","    switch (local.modeJs) {","","","","    // run browser js-env code - function","    case 'browser':","        break;","","","","    // run node js-env code - function","    case 'node':","        break;","    }","","","","    // run shared js-env code - post-init","    (function () {","        return;","    }());","    switch (local.modeJs) {","","","","    // run browser js-env code - post-init","    case 'browser':","        local.testCase_browser_nullCase = local.testCase_browser_nullCase || function (","            options,","            onError","        ) {","        /*","         * this function will test browsers's null-case handling-behavior-behavior","         */","            onError(null, options);","        };","","        // run tests","        local.nop(local.modeTest &&","            document.querySelector('#testRunButton1') &&","            document.querySelector('#testRunButton1').click());","        break;","","","","    // run node js-env code - post-init","    /* istanbul ignore next */","    case 'node':","        local.testCase_buildApidoc_default = local.testCase_buildApidoc_default || function (","            options,","            onError","        ) {","        /*","         * this function will test buildApidoc's default handling-behavior-behavior","         */","            options = { modulePathList: module.paths };","            local.buildApidoc(options, onError);","        };","","        local.testCase_buildApp_default = local.testCase_buildApp_default || function (","            options,","            onError","        ) {","        /*","         * this function will test buildApp's default handling-behavior-behavior","         */","            local.testCase_buildReadme_default(options, local.onErrorThrow);","            local.testCase_buildLib_default(options, local.onErrorThrow);","            local.testCase_buildTest_default(options, local.onErrorThrow);","            local.testCase_buildCustomOrg_default(options, local.onErrorThrow);","            options = [];","            local.buildApp(options, onError);","        };","","        local.testCase_buildCustomOrg_default = local.testCase_buildCustomOrg_default ||","            function (options, onError) {","            /*","             * this function will test buildCustomOrg's default handling-behavior","             */","                options = {};","                local.buildCustomOrg(options, onError);","            };","","        local.testCase_buildLib_default = local.testCase_buildLib_default || function (","            options,","            onError","        ) {","        /*","         * this function will test buildLib's default handling-behavior","         */","            options = {};","            local.buildLib(options, onError);","        };","","        local.testCase_buildReadme_default = local.testCase_buildReadme_default || function (","            options,","            onError","        ) {","        /*","         * this function will test buildReadme's default handling-behavior-behavior","         */","            options = {};","            local.buildReadme(options, onError);","        };","","        local.testCase_buildTest_default = local.testCase_buildTest_default || function (","            options,","            onError","        ) {","        /*","         * this function will test buildTest's default handling-behavior","         */","            options = {};","            local.buildTest(options, onError);","        };","","        local.testCase_webpage_default = local.testCase_webpage_default || function (","            options,","            onError","        ) {","        /*","         * this function will test webpage's default handling-behavior","         */","            options = { modeCoverageMerge: true, url: local.serverLocalHost + '?modeTest=1' };","            local.browserTest(options, onError);","        };","","        // run test-server","        local.testRunServer(local);","        break;","    }","}());",""],"l":{"12":2,"14":2,"19":2,"21":2,"23":2,"24":2,"25":2,"30":1,"37":2,"40":2,"43":1,"47":1,"50":1,"52":1,"55":2,"61":2,"62":2,"64":2,"70":1,"76":1,"82":2,"83":2,"85":2,"91":1,"98":1,"102":1,"105":1,"112":1,"119":1,"120":1,"123":1,"130":1,"131":1,"132":1,"133":1,"134":1,"135":1,"138":1,"143":2,"144":2,"147":1,"154":2,"155":2,"158":1,"165":2,"166":2,"169":1,"176":2,"177":2,"180":1,"187":1,"188":1,"192":1,"193":1}},"/home/travis/build/npmtest/node-npmtest-imap-simple/lib.npmtest_imap_simple.js":{"path":"/home/travis/build/npmtest/node-npmtest-imap-simple/lib.npmtest_imap_simple.js","s":{"1":2,"2":2,"3":2,"4":2,"5":2,"6":2,"7":2,"8":1,"9":2,"10":2,"11":2,"12":2,"13":1,"14":1,"15":1,"16":1},"b":{"1":[2,1,1,1],"2":[1,1,1,1],"3":[1,1],"4":[2,2],"5":[1,1]},"f":{"1":2,"2":2,"3":2},"fnMap":{"1":{"name":"(anonymous_1)","line":12,"loc":{"start":{"line":12,"column":1},"end":{"line":12,"column":13}}},"2":{"name":"(anonymous_2)","line":19,"loc":{"start":{"line":19,"column":5},"end":{"line":19,"column":17}}},"3":{"name":"(anonymous_3)","line":23,"loc":{"start":{"line":23,"column":24},"end":{"line":23,"column":36}}}},"statementMap":{"1":{"start":{"line":12,"column":0},"end":{"line":53,"column":5}},"2":{"start":{"line":14,"column":4},"end":{"line":14,"column":14}},"3":{"start":{"line":19,"column":4},"end":{"line":52,"column":9}},"4":{"start":{"line":21,"column":8},"end":{"line":21,"column":19}},"5":{"start":{"line":23,"column":8},"end":{"line":35,"column":13}},"6":{"start":{"line":24,"column":12},"end":{"line":34,"column":13}},"7":{"start":{"line":25,"column":16},"end":{"line":28,"column":30}},"8":{"start":{"line":30,"column":16},"end":{"line":33,"column":27}},"9":{"start":{"line":37,"column":8},"end":{"line":39,"column":21}},"10":{"start":{"line":41,"column":8},"end":{"line":41,"column":54}},"11":{"start":{"line":43,"column":8},"end":{"line":43,"column":56}},"12":{"start":{"line":45,"column":8},"end":{"line":51,"column":9}},"13":{"start":{"line":46,"column":12},"end":{"line":46,"column":62}},"14":{"start":{"line":48,"column":12},"end":{"line":48,"column":35}},"15":{"start":{"line":49,"column":12},"end":{"line":49,"column":49}},"16":{"start":{"line":50,"column":12},"end":{"line":50,"column":43}}},"branchMap":{"1":{"line":25,"type":"binary-expr","locations":[{"start":{"line":25,"column":23},"end":{"line":25,"column":62}},{"start":{"line":26,"column":20},"end":{"line":26,"column":70}},{"start":{"line":27,"column":20},"end":{"line":27,"column":71}},{"start":{"line":28,"column":20},"end":{"line":28,"column":29}}]},"2":{"line":30,"type":"binary-expr","locations":[{"start":{"line":30,"column":23},"end":{"line":30,"column":37}},{"start":{"line":31,"column":20},"end":{"line":31,"column":61}},{"start":{"line":32,"column":20},"end":{"line":32,"column":70}},{"start":{"line":33,"column":20},"end":{"line":33,"column":26}}]},"3":{"line":37,"type":"cond-expr","locations":[{"start":{"line":38,"column":14},"end":{"line":38,"column":20}},{"start":{"line":39,"column":14},"end":{"line":39,"column":20}}]},"4":{"line":41,"type":"binary-expr","locations":[{"start":{"line":41,"column":16},"end":{"line":41,"column":44}},{"start":{"line":41,"column":48},"end":{"line":41,"column":53}}]},"5":{"line":45,"type":"if","locations":[{"start":{"line":45,"column":8},"end":{"line":45,"column":8}},{"start":{"line":45,"column":8},"end":{"line":45,"column":8}}]}},"code":["/* istanbul instrument in package npmtest_imap_simple */","/*jslint","    bitwise: true,","    browser: true,","    maxerr: 8,","    maxlen: 96,","    node: true,","    nomen: true,","    regexp: true,","    stupid: true","*/","(function () {","    'use strict';","    var local;","","","","    // run shared js-env code - pre-init","    (function () {","        // init local","        local = {};","        // init modeJs","        local.modeJs = (function () {","            try {","                return typeof navigator.userAgent === 'string' &&","                    typeof document.querySelector('body') === 'object' &&","                    typeof XMLHttpRequest.prototype.open === 'function' &&","                    'browser';","            } catch (errorCaughtBrowser) {","                return module.exports &&","                    typeof process.versions.node === 'string' &&","                    typeof require('http').createServer === 'function' &&","                    'node';","            }","        }());","        // init global","        local.global = local.modeJs === 'browser'","            ? window","            : global;","        // init utility2_rollup","        local = local.global.utility2_rollup || local;","        // init lib","        local.local = local.npmtest_imap_simple = local;","        // init exports","        if (local.modeJs === 'browser') {","            local.global.utility2_npmtest_imap_simple = local;","        } else {","            module.exports = local;","            module.exports.__dirname = __dirname;","            module.exports.module = module;","        }","    }());","}());",""],"l":{"12":2,"14":2,"19":2,"21":2,"23":2,"24":2,"25":2,"30":1,"37":2,"41":2,"43":2,"45":2,"46":1,"48":1,"49":1,"50":1}},"/home/travis/build/npmtest/node-npmtest-imap-simple/example.js":{"path":"/home/travis/build/npmtest/node-npmtest-imap-simple/example.js","s":{"1":2,"2":2,"3":2,"4":2,"5":2,"6":2,"7":2,"8":1,"9":2,"10":2,"11":2,"12":2,"13":1,"14":2,"15":2,"16":2,"17":2,"18":2,"19":0,"20":2,"21":1,"22":1,"23":1,"24":1,"25":1,"26":0,"27":0,"28":1,"29":1,"30":2,"31":0,"32":0,"33":0,"34":1,"35":2,"36":2,"37":3,"38":3,"39":3,"40":3,"41":0,"42":3,"43":3,"44":3,"45":1,"46":3,"47":1,"48":1,"49":1,"50":1,"51":1,"52":1,"53":1,"54":1,"55":1,"56":1,"57":0,"58":1,"59":6,"60":6,"61":1,"62":2,"63":0,"64":2,"65":1,"66":1,"67":0,"68":0,"69":0,"70":0,"71":0,"72":0,"73":0,"74":0,"75":0,"76":0,"77":0,"78":0,"79":0,"80":0,"81":0,"82":0,"83":0},"b":{"1":[2,1,1,1],"2":[1,1,1,1],"3":[1,1],"4":[2,2],"5":[1,1],"6":[1,1],"7":[2,0],"8":[2,1,1,1,1,1],"9":[0,2,0],"10":[1,1],"11":[2,1,1],"12":[1,0],"13":[0,2],"14":[2,0,0,0,0,0,0],"15":[0,3],"16":[3,0],"17":[1,1],"18":[0,1],"19":[1,2,0,2],"20":[1,0],"21":[1,1],"22":[0,0],"23":[0,0],"24":[0,0],"25":[0,0],"26":[0,0],"27":[0,0],"28":[0,0]},"f":{"1":2,"2":2,"3":2,"4":2,"5":2,"6":2,"7":3,"8":3,"9":3,"10":1,"11":6,"12":0},"fnMap":{"1":{"name":"(anonymous_1)","line":26,"loc":{"start":{"line":26,"column":1},"end":{"line":26,"column":13}}},"2":{"name":"(anonymous_2)","line":33,"loc":{"start":{"line":33,"column":5},"end":{"line":33,"column":17}}},"3":{"name":"(anonymous_3)","line":37,"loc":{"start":{"line":37,"column":24},"end":{"line":37,"column":36}}},"4":{"name":"(anonymous_4)","line":69,"loc":{"start":{"line":69,"column":31},"end":{"line":69,"column":48}},"skip":true},"5":{"name":"(anonymous_5)","line":78,"loc":{"start":{"line":78,"column":26},"end":{"line":78,"column":45}},"skip":true},"6":{"name":"(anonymous_6)","line":123,"loc":{"start":{"line":123,"column":33},"end":{"line":123,"column":48}},"skip":true},"7":{"name":"(anonymous_7)","line":125,"loc":{"start":{"line":125,"column":27},"end":{"line":125,"column":39}},"skip":true},"8":{"name":"(anonymous_8)","line":133,"loc":{"start":{"line":133,"column":59},"end":{"line":133,"column":74}},"skip":true},"9":{"name":"(anonymous_9)","line":143,"loc":{"start":{"line":143,"column":45},"end":{"line":143,"column":62}},"skip":true},"10":{"name":"(anonymous_10)","line":144,"loc":{"start":{"line":144,"column":73},"end":{"line":144,"column":92}},"skip":true},"11":{"name":"(anonymous_11)","line":272,"loc":{"start":{"line":272,"column":51},"end":{"line":272,"column":77}},"skip":true},"12":{"name":"(anonymous_12)","line":315,"loc":{"start":{"line":315,"column":32},"end":{"line":315,"column":61}},"skip":true}},"statementMap":{"1":{"start":{"line":26,"column":0},"end":{"line":326,"column":5}},"2":{"start":{"line":28,"column":4},"end":{"line":28,"column":14}},"3":{"start":{"line":33,"column":4},"end":{"line":60,"column":9}},"4":{"start":{"line":35,"column":8},"end":{"line":35,"column":19}},"5":{"start":{"line":37,"column":8},"end":{"line":49,"column":13}},"6":{"start":{"line":38,"column":12},"end":{"line":48,"column":13}},"7":{"start":{"line":39,"column":16},"end":{"line":42,"column":30}},"8":{"start":{"line":44,"column":16},"end":{"line":47,"column":27}},"9":{"start":{"line":51,"column":8},"end":{"line":53,"column":21}},"10":{"start":{"line":55,"column":8},"end":{"line":57,"column":45}},"11":{"start":{"line":59,"column":8},"end":{"line":59,"column":35}},"12":{"start":{"line":61,"column":4},"end":{"line":325,"column":5}},"13":{"start":{"line":69,"column":8},"end":{"line":121,"column":10},"skip":true},"14":{"start":{"line":70,"column":12},"end":{"line":88,"column":13},"skip":true},"15":{"start":{"line":76,"column":16},"end":{"line":87,"column":19},"skip":true},"16":{"start":{"line":79,"column":20},"end":{"line":86,"column":21},"skip":true},"17":{"start":{"line":82,"column":24},"end":{"line":82,"column":43},"skip":true},"18":{"start":{"line":83,"column":24},"end":{"line":83,"column":30},"skip":true},"19":{"start":{"line":85,"column":24},"end":{"line":85,"column":49},"skip":true},"20":{"start":{"line":89,"column":12},"end":{"line":107,"column":13},"skip":true},"21":{"start":{"line":92,"column":16},"end":{"line":102,"column":17},"skip":true},"22":{"start":{"line":93,"column":20},"end":{"line":93,"column":86},"skip":true},"23":{"start":{"line":94,"column":20},"end":{"line":95,"column":45},"skip":true},"24":{"start":{"line":96,"column":20},"end":{"line":96,"column":42},"skip":true},"25":{"start":{"line":97,"column":20},"end":{"line":97,"column":48},"skip":true},"26":{"start":{"line":100,"column":20},"end":{"line":100,"column":85},"skip":true},"27":{"start":{"line":101,"column":20},"end":{"line":101,"column":96},"skip":true},"28":{"start":{"line":103,"column":16},"end":{"line":103,"column":22},"skip":true},"29":{"start":{"line":106,"column":16},"end":{"line":106,"column":22},"skip":true},"30":{"start":{"line":108,"column":12},"end":{"line":120,"column":13},"skip":true},"31":{"start":{"line":114,"column":16},"end":{"line":119,"column":17},"skip":true},"32":{"start":{"line":116,"column":20},"end":{"line":116,"column":78},"skip":true},"33":{"start":{"line":118,"column":20},"end":{"line":118,"column":47},"skip":true},"34":{"start":{"line":123,"column":8},"end":{"line":141,"column":11},"skip":true},"35":{"start":{"line":124,"column":12},"end":{"line":124,"column":54},"skip":true},"36":{"start":{"line":125,"column":12},"end":{"line":140,"column":14},"skip":true},"37":{"start":{"line":126,"column":16},"end":{"line":126,"column":28},"skip":true},"38":{"start":{"line":127,"column":16},"end":{"line":127,"column":69},"skip":true},"39":{"start":{"line":128,"column":16},"end":{"line":128,"column":75},"skip":true},"40":{"start":{"line":129,"column":16},"end":{"line":131,"column":17},"skip":true},"41":{"start":{"line":130,"column":20},"end":{"line":130,"column":27},"skip":true},"42":{"start":{"line":133,"column":16},"end":{"line":137,"column":36},"skip":true},"43":{"start":{"line":134,"column":20},"end":{"line":136,"column":55},"skip":true},"44":{"start":{"line":139,"column":16},"end":{"line":139,"column":57},"skip":true},"45":{"start":{"line":143,"column":8},"end":{"line":147,"column":11},"skip":true},"46":{"start":{"line":144,"column":12},"end":{"line":146,"column":15},"skip":true},"47":{"start":{"line":145,"column":16},"end":{"line":145,"column":70},"skip":true},"48":{"start":{"line":149,"column":8},"end":{"line":149,"column":31},"skip":true},"49":{"start":{"line":150,"column":8},"end":{"line":150,"column":14},"skip":true},"50":{"start":{"line":158,"column":8},"end":{"line":158,"column":31},"skip":true},"51":{"start":{"line":160,"column":8},"end":{"line":160,"column":33},"skip":true},"52":{"start":{"line":161,"column":8},"end":{"line":161,"column":37},"skip":true},"53":{"start":{"line":162,"column":8},"end":{"line":162,"column":35},"skip":true},"54":{"start":{"line":164,"column":8},"end":{"line":164,"column":50},"skip":true},"55":{"start":{"line":166,"column":8},"end":{"line":256,"column":2},"skip":true},"56":{"start":{"line":258,"column":8},"end":{"line":286,"column":9},"skip":true},"57":{"start":{"line":259,"column":12},"end":{"line":269,"column":14},"skip":true},"58":{"start":{"line":271,"column":12},"end":{"line":285,"column":19},"skip":true},"59":{"start":{"line":274,"column":20},"end":{"line":274,"column":35},"skip":true},"60":{"start":{"line":275,"column":20},"end":{"line":284,"column":21},"skip":true},"61":{"start":{"line":277,"column":24},"end":{"line":277,"column":64},"skip":true},"62":{"start":{"line":279,"column":24},"end":{"line":279,"column":40},"skip":true},"63":{"start":{"line":281,"column":24},"end":{"line":281,"column":40},"skip":true},"64":{"start":{"line":283,"column":24},"end":{"line":283,"column":39},"skip":true},"65":{"start":{"line":288,"column":8},"end":{"line":290,"column":9},"skip":true},"66":{"start":{"line":289,"column":12},"end":{"line":289,"column":18},"skip":true},"67":{"start":{"line":291,"column":8},"end":{"line":293,"column":54},"skip":true},"68":{"start":{"line":296,"column":8},"end":{"line":301,"column":37},"skip":true},"69":{"start":{"line":303,"column":8},"end":{"line":303,"column":82},"skip":true},"70":{"start":{"line":306,"column":8},"end":{"line":308,"column":9},"skip":true},"71":{"start":{"line":307,"column":12},"end":{"line":307,"column":82},"skip":true},"72":{"start":{"line":310,"column":8},"end":{"line":312,"column":9},"skip":true},"73":{"start":{"line":311,"column":12},"end":{"line":311,"column":18},"skip":true},"74":{"start":{"line":313,"column":8},"end":{"line":313,"column":54},"skip":true},"75":{"start":{"line":314,"column":8},"end":{"line":314,"column":69},"skip":true},"76":{"start":{"line":315,"column":8},"end":{"line":323,"column":36},"skip":true},"77":{"start":{"line":316,"column":12},"end":{"line":316,"column":61},"skip":true},"78":{"start":{"line":317,"column":12},"end":{"line":320,"column":13},"skip":true},"79":{"start":{"line":318,"column":16},"end":{"line":318,"column":75},"skip":true},"80":{"start":{"line":319,"column":16},"end":{"line":319,"column":23},"skip":true},"81":{"start":{"line":321,"column":12},"end":{"line":321,"column":38},"skip":true},"82":{"start":{"line":322,"column":12},"end":{"line":322,"column":27},"skip":true},"83":{"start":{"line":324,"column":8},"end":{"line":324,"column":14},"skip":true}},"branchMap":{"1":{"line":39,"type":"binary-expr","locations":[{"start":{"line":39,"column":23},"end":{"line":39,"column":62}},{"start":{"line":40,"column":20},"end":{"line":40,"column":70}},{"start":{"line":41,"column":20},"end":{"line":41,"column":71}},{"start":{"line":42,"column":20},"end":{"line":42,"column":29}}]},"2":{"line":44,"type":"binary-expr","locations":[{"start":{"line":44,"column":23},"end":{"line":44,"column":37}},{"start":{"line":45,"column":20},"end":{"line":45,"column":61}},{"start":{"line":46,"column":20},"end":{"line":46,"column":70}},{"start":{"line":47,"column":20},"end":{"line":47,"column":26}}]},"3":{"line":51,"type":"cond-expr","locations":[{"start":{"line":52,"column":14},"end":{"line":52,"column":20}},{"start":{"line":53,"column":14},"end":{"line":53,"column":20}}]},"4":{"line":55,"type":"binary-expr","locations":[{"start":{"line":55,"column":16},"end":{"line":55,"column":44}},{"start":{"line":55,"column":49},"end":{"line":57,"column":43}}]},"5":{"line":55,"type":"cond-expr","locations":[{"start":{"line":56,"column":14},"end":{"line":56,"column":55}},{"start":{"line":57,"column":14},"end":{"line":57,"column":43}}]},"6":{"line":61,"type":"switch","locations":[{"start":{"line":68,"column":4},"end":{"line":150,"column":14},"skip":true},{"start":{"line":156,"column":4},"end":{"line":324,"column":14},"skip":true}]},"7":{"line":70,"type":"if","locations":[{"start":{"line":70,"column":12},"end":{"line":70,"column":12},"skip":true},{"start":{"line":70,"column":12},"end":{"line":70,"column":12},"skip":true}]},"8":{"line":70,"type":"binary-expr","locations":[{"start":{"line":70,"column":16},"end":{"line":70,"column":22},"skip":true},{"start":{"line":70,"column":27},"end":{"line":70,"column":32},"skip":true},{"start":{"line":71,"column":20},"end":{"line":71,"column":39},"skip":true},{"start":{"line":72,"column":20},"end":{"line":72,"column":49},"skip":true},{"start":{"line":73,"column":20},"end":{"line":73,"column":58},"skip":true},{"start":{"line":74,"column":20},"end":{"line":74,"column":69},"skip":true}]},"9":{"line":79,"type":"switch","locations":[{"start":{"line":80,"column":20},"end":{"line":80,"column":33},"skip":true},{"start":{"line":81,"column":20},"end":{"line":83,"column":30},"skip":true},{"start":{"line":84,"column":20},"end":{"line":85,"column":49},"skip":true}]},"10":{"line":89,"type":"switch","locations":[{"start":{"line":90,"column":12},"end":{"line":103,"column":22},"skip":true},{"start":{"line":105,"column":12},"end":{"line":106,"column":22},"skip":true}]},"11":{"line":89,"type":"binary-expr","locations":[{"start":{"line":89,"column":20},"end":{"line":89,"column":25},"skip":true},{"start":{"line":89,"column":29},"end":{"line":89,"column":48},"skip":true},{"start":{"line":89,"column":52},"end":{"line":89,"column":74},"skip":true}]},"12":{"line":92,"type":"if","locations":[{"start":{"line":92,"column":16},"end":{"line":92,"column":16},"skip":true},{"start":{"line":92,"column":16},"end":{"line":92,"column":16},"skip":true}]},"13":{"line":108,"type":"if","locations":[{"start":{"line":108,"column":12},"end":{"line":108,"column":12},"skip":true},{"start":{"line":108,"column":12},"end":{"line":108,"column":12},"skip":true}]},"14":{"line":108,"type":"binary-expr","locations":[{"start":{"line":108,"column":16},"end":{"line":108,"column":61},"skip":true},{"start":{"line":108,"column":66},"end":{"line":108,"column":72},"skip":true},{"start":{"line":108,"column":77},"end":{"line":108,"column":82},"skip":true},{"start":{"line":109,"column":20},"end":{"line":109,"column":39},"skip":true},{"start":{"line":110,"column":20},"end":{"line":110,"column":49},"skip":true},{"start":{"line":111,"column":20},"end":{"line":111,"column":58},"skip":true},{"start":{"line":112,"column":20},"end":{"line":112,"column":68},"skip":true}]},"15":{"line":129,"type":"if","locations":[{"start":{"line":129,"column":16},"end":{"line":129,"column":16},"skip":true},{"start":{"line":129,"column":16},"end":{"line":129,"column":16},"skip":true}]},"16":{"line":134,"type":"cond-expr","locations":[{"start":{"line":135,"column":26},"end":{"line":135,"column":29},"skip":true},{"start":{"line":136,"column":26},"end":{"line":136,"column":54},"skip":true}]},"17":{"line":164,"type":"binary-expr","locations":[{"start":{"line":164,"column":27},"end":{"line":164,"column":43},"skip":true},{"start":{"line":164,"column":47},"end":{"line":164,"column":49},"skip":true}]},"18":{"line":258,"type":"if","locations":[{"start":{"line":258,"column":8},"end":{"line":258,"column":8},"skip":true},{"start":{"line":258,"column":8},"end":{"line":258,"column":8},"skip":true}]},"19":{"line":275,"type":"switch","locations":[{"start":{"line":276,"column":20},"end":{"line":277,"column":64},"skip":true},{"start":{"line":278,"column":20},"end":{"line":279,"column":40},"skip":true},{"start":{"line":280,"column":20},"end":{"line":281,"column":40},"skip":true},{"start":{"line":282,"column":20},"end":{"line":283,"column":39},"skip":true}]},"20":{"line":288,"type":"if","locations":[{"start":{"line":288,"column":8},"end":{"line":288,"column":8},"skip":true},{"start":{"line":288,"column":8},"end":{"line":288,"column":8},"skip":true}]},"21":{"line":288,"type":"binary-expr","locations":[{"start":{"line":288,"column":12},"end":{"line":288,"column":40},"skip":true},{"start":{"line":288,"column":44},"end":{"line":288,"column":67},"skip":true}]},"22":{"line":292,"type":"binary-expr","locations":[{"start":{"line":292,"column":12},"end":{"line":292,"column":50},"skip":true},{"start":{"line":293,"column":12},"end":{"line":293,"column":53},"skip":true}]},"23":{"line":297,"type":"binary-expr","locations":[{"start":{"line":297,"column":12},"end":{"line":297,"column":69},"skip":true},{"start":{"line":298,"column":12},"end":{"line":301,"column":36},"skip":true}]},"24":{"line":303,"type":"binary-expr","locations":[{"start":{"line":303,"column":43},"end":{"line":303,"column":75},"skip":true},{"start":{"line":303,"column":79},"end":{"line":303,"column":81},"skip":true}]},"25":{"line":306,"type":"if","locations":[{"start":{"line":306,"column":8},"end":{"line":306,"column":8},"skip":true},{"start":{"line":306,"column":8},"end":{"line":306,"column":8},"skip":true}]},"26":{"line":310,"type":"if","locations":[{"start":{"line":310,"column":8},"end":{"line":310,"column":8},"skip":true},{"start":{"line":310,"column":8},"end":{"line":310,"column":8},"skip":true}]},"27":{"line":313,"type":"binary-expr","locations":[{"start":{"line":313,"column":27},"end":{"line":313,"column":43},"skip":true},{"start":{"line":313,"column":47},"end":{"line":313,"column":53},"skip":true}]},"28":{"line":317,"type":"if","locations":[{"start":{"line":317,"column":12},"end":{"line":317,"column":12},"skip":true},{"start":{"line":317,"column":12},"end":{"line":317,"column":12},"skip":true}]}},"code":["/*","example.js","","quickstart example","","instruction","    1. save this script as example.js","    2. run the shell command:","        $ npm install npmtest-imap-simple && PORT=8081 node example.js","    3. play with the browser-demo on http://127.0.0.1:8081","*/","","","","/* istanbul instrument in package npmtest_imap_simple */","/*jslint","    bitwise: true,","    browser: true,","    maxerr: 8,","    maxlen: 96,","    node: true,","    nomen: true,","    regexp: true,","    stupid: true","*/","(function () {","    'use strict';","    var local;","","","","    // run shared js-env code - pre-init","    (function () {","        // init local","        local = {};","        // init modeJs","        local.modeJs = (function () {","            try {","                return typeof navigator.userAgent === 'string' &&","                    typeof document.querySelector('body') === 'object' &&","                    typeof XMLHttpRequest.prototype.open === 'function' &&","                    'browser';","            } catch (errorCaughtBrowser) {","                return module.exports &&","                    typeof process.versions.node === 'string' &&","                    typeof require('http').createServer === 'function' &&","                    'node';","            }","        }());","        // init global","        local.global = local.modeJs === 'browser'","            ? window","            : global;","        // init utility2_rollup","        local = local.global.utility2_rollup || (local.modeJs === 'browser'","            ? local.global.utility2_npmtest_imap_simple","            : global.utility2_moduleExports);","        // export local","        local.global.local = local;","    }());","    switch (local.modeJs) {","","","","    // post-init","    // run browser js-env code - post-init","    /* istanbul ignore next */","    case 'browser':","        local.testRunBrowser = function (event) {","            if (!event || (event &&","                    event.currentTarget &&","                    event.currentTarget.className &&","                    event.currentTarget.className.includes &&","                    event.currentTarget.className.includes('onreset'))) {","                // reset output","                Array.from(","                    document.querySelectorAll('body > .resettable')","                ).forEach(function (element) {","                    switch (element.tagName) {","                    case 'INPUT':","                    case 'TEXTAREA':","                        element.value = '';","                        break;","                    default:","                        element.textContent = '';","                    }","                });","            }","            switch (event && event.currentTarget && event.currentTarget.id) {","            case 'testRunButton1':","                // show tests","                if (document.querySelector('#testReportDiv1').style.display === 'none') {","                    document.querySelector('#testReportDiv1').style.display = 'block';","                    document.querySelector('#testRunButton1').textContent =","                        'hide internal test';","                    local.modeTest = true;","                    local.testRunDefault(local);","                // hide tests","                } else {","                    document.querySelector('#testReportDiv1').style.display = 'none';","                    document.querySelector('#testRunButton1').textContent = 'run internal test';","                }","                break;","            // custom-case","            default:","                break;","            }","            if (document.querySelector('#inputTextareaEval1') && (!event || (event &&","                    event.currentTarget &&","                    event.currentTarget.className &&","                    event.currentTarget.className.includes &&","                    event.currentTarget.className.includes('oneval')))) {","                // try to eval input-code","                try {","                    /*jslint evil: true*/","                    eval(document.querySelector('#inputTextareaEval1').value);","                } catch (errorCaught) {","                    console.error(errorCaught);","                }","            }","        };","        // log stderr and stdout to #outputTextareaStdout1","        ['error', 'log'].forEach(function (key) {","            console[key + '_original'] = console[key];","            console[key] = function () {","                var element;","                console[key + '_original'].apply(console, arguments);","                element = document.querySelector('#outputTextareaStdout1');","                if (!element) {","                    return;","                }","                // append text to #outputTextareaStdout1","                element.value += Array.from(arguments).map(function (arg) {","                    return typeof arg === 'string'","                        ? arg","                        : JSON.stringify(arg, null, 4);","                }).join(' ') + '\\n';","                // scroll textarea to bottom","                element.scrollTop = element.scrollHeight;","            };","        });","        // init event-handling","        ['change', 'click', 'keyup'].forEach(function (event) {","            Array.from(document.querySelectorAll('.on' + event)).forEach(function (element) {","                element.addEventListener(event, local.testRunBrowser);","            });","        });","        // run tests","        local.testRunBrowser();","        break;","","","","    // run node js-env code - post-init","    /* istanbul ignore next */","    case 'node':","        // export local","        module.exports = local;","        // require modules","        local.fs = require('fs');","        local.http = require('http');","        local.url = require('url');","        // init assets","        local.assetsDict = local.assetsDict || {};","        /* jslint-ignore-begin */","        local.assetsDict['/assets.index.template.html'] = '\\","<!doctype html>\\n\\","<html lang=\"en\">\\n\\","<head>\\n\\","<meta charset=\"UTF-8\">\\n\\","<meta name=\"viewport\" content=\"width=device-width, initial-scale=1\">\\n\\","<title>{{env.npm_package_name}} (v{{env.npm_package_version}})</title>\\n\\","<style>\\n\\","/*csslint\\n\\","    box-sizing: false,\\n\\","    universal-selector: false\\n\\","*/\\n\\","* {\\n\\","    box-sizing: border-box;\\n\\","}\\n\\","body {\\n\\","    background: #dde;\\n\\","    font-family: Arial, Helvetica, sans-serif;\\n\\","    margin: 2rem;\\n\\","}\\n\\","body > * {\\n\\","    margin-bottom: 1rem;\\n\\","}\\n\\",".utility2FooterDiv {\\n\\","    margin-top: 20px;\\n\\","    text-align: center;\\n\\","}\\n\\","</style>\\n\\","<style>\\n\\","/*csslint\\n\\","*/\\n\\","textarea {\\n\\","    font-family: monospace;\\n\\","    height: 10rem;\\n\\","    width: 100%;\\n\\","}\\n\\","textarea[readonly] {\\n\\","    background: #ddd;\\n\\","}\\n\\","</style>\\n\\","</head>\\n\\","<body>\\n\\","<!-- utility2-comment\\n\\","<div id=\"ajaxProgressDiv1\" style=\"background: #d00; height: 2px; left: 0; margin: 0; padding: 0; position: fixed; top: 0; transition: background 0.5s, width 1.5s; width: 25%;\"></div>\\n\\","utility2-comment -->\\n\\","<h1>\\n\\","<!-- utility2-comment\\n\\","    <a\\n\\","        {{#if env.npm_package_homepage}}\\n\\","        href=\"{{env.npm_package_homepage}}\"\\n\\","        {{/if env.npm_package_homepage}}\\n\\","        target=\"_blank\"\\n\\","    >\\n\\","utility2-comment -->\\n\\","        {{env.npm_package_name}} (v{{env.npm_package_version}})\\n\\","<!-- utility2-comment\\n\\","    </a>\\n\\","utility2-comment -->\\n\\","</h1>\\n\\","<h3>{{env.npm_package_description}}</h3>\\n\\","<!-- utility2-comment\\n\\","<h4><a download href=\"assets.app.js\">download standalone app</a></h4>\\n\\","<button class=\"onclick onreset\" id=\"testRunButton1\">run internal test</button><br>\\n\\","<div id=\"testReportDiv1\" style=\"display: none;\"></div>\\n\\","utility2-comment -->\\n\\","\\n\\","\\n\\","\\n\\","<label>stderr and stdout</label>\\n\\","<textarea class=\"resettable\" id=\"outputTextareaStdout1\" readonly></textarea>\\n\\","<!-- utility2-comment\\n\\","{{#if isRollup}}\\n\\","<script src=\"assets.app.js\"></script>\\n\\","{{#unless isRollup}}\\n\\","utility2-comment -->\\n\\","<script src=\"assets.utility2.rollup.js\"></script>\\n\\","<script src=\"jsonp.utility2._stateInit?callback=window.utility2._stateInit\"></script>\\n\\","<script src=\"assets.npmtest_imap_simple.rollup.js\"></script>\\n\\","<script src=\"assets.example.js\"></script>\\n\\","<script src=\"assets.test.js\"></script>\\n\\","<!-- utility2-comment\\n\\","{{/if isRollup}}\\n\\","utility2-comment -->\\n\\","<div class=\"utility2FooterDiv\">\\n\\","    [ this app was created with\\n\\","    <a href=\"https://github.com/kaizhu256/node-utility2\" target=\"_blank\">utility2</a>\\n\\","    ]\\n\\","</div>\\n\\","</body>\\n\\","</html>\\n\\","';","        /* jslint-ignore-end */","        if (local.templateRender) {","            local.assetsDict['/'] = local.templateRender(","                local.assetsDict['/assets.index.template.html'],","                {","                    env: local.objectSetDefault(local.env, {","                        npm_package_description: 'the greatest app in the world!',","                        npm_package_name: 'my-app',","                        npm_package_nameAlias: 'my_app',","                        npm_package_version: '0.0.1'","                    })","                }","            );","        } else {","            local.assetsDict['/'] = local.assetsDict['/assets.index.template.html']","                .replace((/\\{\\{env\\.(\\w+?)\\}\\}/g), function (match0, match1) {","                    // jslint-hack","                    String(match0);","                    switch (match1) {","                    case 'npm_package_description':","                        return 'the greatest app in the world!';","                    case 'npm_package_name':","                        return 'my-app';","                    case 'npm_package_nameAlias':","                        return 'my_app';","                    case 'npm_package_version':","                        return '0.0.1';","                    }","                });","        }","        // run the cli","        if (local.global.utility2_rollup || module !== require.main) {","            break;","        }","        local.assetsDict['/assets.example.js'] =","            local.assetsDict['/assets.example.js'] ||","            local.fs.readFileSync(__filename, 'utf8');","        // bug-workaround - long $npm_package_buildCustomOrg","        /* jslint-ignore-begin */","        local.assetsDict['/assets.npmtest_imap_simple.rollup.js'] =","            local.assetsDict['/assets.npmtest_imap_simple.rollup.js'] ||","            local.fs.readFileSync(","                local.npmtest_imap_simple.__dirname + '/lib.npmtest_imap_simple.js',","                'utf8'","            ).replace((/^#!/), '//');","        /* jslint-ignore-end */","        local.assetsDict['/favicon.ico'] = local.assetsDict['/favicon.ico'] || '';","        // if $npm_config_timeout_exit exists,","        // then exit this process after $npm_config_timeout_exit ms","        if (Number(process.env.npm_config_timeout_exit)) {","            setTimeout(process.exit, Number(process.env.npm_config_timeout_exit));","        }","        // start server","        if (local.global.utility2_serverHttp1) {","            break;","        }","        process.env.PORT = process.env.PORT || '8081';","        console.error('server starting on port ' + process.env.PORT);","        local.http.createServer(function (request, response) {","            request.urlParsed = local.url.parse(request.url);","            if (local.assetsDict[request.urlParsed.pathname] !== undefined) {","                response.end(local.assetsDict[request.urlParsed.pathname]);","                return;","            }","            response.statusCode = 404;","            response.end();","        }).listen(process.env.PORT);","        break;","    }","}());",""],"l":{"26":2,"28":2,"33":2,"35":2,"37":2,"38":2,"39":2,"44":1,"51":2,"55":2,"59":2,"61":2,"69":1,"70":2,"76":2,"79":2,"82":2,"83":2,"85":1,"89":2,"92":1,"93":1,"94":1,"96":1,"97":1,"100":1,"101":1,"103":1,"106":1,"108":2,"114":1,"116":1,"118":1,"123":1,"124":2,"125":2,"126":3,"127":3,"128":3,"129":3,"130":1,"133":3,"134":3,"139":3,"143":1,"144":3,"145":1,"149":1,"150":1,"158":1,"160":1,"161":1,"162":1,"164":1,"166":1,"258":1,"259":1,"271":1,"274":6,"275":6,"277":1,"279":2,"281":1,"283":2,"288":1,"289":1,"291":1,"296":1,"303":1,"306":1,"307":1,"310":1,"311":1,"313":1,"314":1,"315":1,"316":1,"317":1,"318":1,"319":1,"321":1,"322":1,"324":1}},"/home/travis/build/npmtest/node-npmtest-imap-simple/node_modules/imap-simple/index.js":{"path":"/home/travis/build/npmtest/node-npmtest-imap-simple/node_modules/imap-simple/index.js","s":{"1":1},"b":{},"f":{},"fnMap":{},"statementMap":{"1":{"start":{"line":3,"column":0},"end":{"line":3,"column":45}}},"branchMap":{},"code":["'use strict';","","module.exports = require('./lib/imapSimple');",""],"l":{"3":1}},"/home/travis/build/npmtest/node-npmtest-imap-simple/node_modules/imap-simple/lib/imapSimple.js":{"path":"/home/travis/build/npmtest/node-npmtest-imap-simple/node_modules/imap-simple/lib/imapSimple.js","s":{"1":1,"2":1,"3":1,"4":1,"5":1,"6":1,"7":1,"8":1,"9":1,"10":1,"11":1,"12":0,"13":0,"14":0,"15":0,"16":0,"17":0,"18":0,"19":0,"20":0,"21":1,"22":1,"23":0,"24":0,"25":0,"26":0,"27":0,"28":1,"29":0,"30":0,"31":0,"32":0,"33":0,"34":0,"35":0,"36":0,"37":0,"38":1,"39":0,"40":0,"41":0,"42":0,"43":0,"44":0,"45":0,"46":0,"47":0,"48":0,"49":0,"50":0,"51":0,"52":0,"53":0,"54":0,"55":0,"56":1,"57":0,"58":0,"59":0,"60":0,"61":0,"62":0,"63":1,"64":0,"65":0,"66":0,"67":1,"68":0,"69":0,"70":0,"71":1,"72":0,"73":0,"74":0,"75":0,"76":0,"77":1,"78":0,"79":0,"80":0,"81":0,"82":0,"83":1,"84":0,"85":0,"86":0,"87":0,"88":0,"89":0,"90":0,"91":0,"92":0,"93":0,"94":0,"95":0,"96":0,"97":0,"98":0,"99":0,"100":0,"101":0,"102":0,"103":0,"104":0,"105":0,"106":1,"107":0,"108":0,"109":0,"110":1,"111":0,"112":0,"113":0,"114":0,"115":0,"116":1,"117":0,"118":0,"119":0,"120":0,"121":0,"122":0,"123":0,"124":0,"125":0,"126":1,"127":0,"128":0,"129":0,"130":0,"131":0,"132":0,"133":0,"134":0,"135":0,"136":1,"137":0,"138":0,"139":0,"140":0,"141":0,"142":0,"143":0,"144":0,"145":0,"146":1,"147":0,"148":0,"149":0,"150":0,"151":0,"152":0,"153":0,"154":0,"155":0,"156":1,"157":0,"158":0,"159":0,"160":0,"161":0,"162":0,"163":0,"164":0,"165":0,"166":0,"167":1,"168":0,"169":0,"170":0,"171":0,"172":1,"173":0,"174":0,"175":0,"176":0,"177":0,"178":0,"179":1,"180":0,"181":0,"182":0,"183":0,"184":1,"185":0,"186":0,"187":0,"188":0,"189":0,"190":0,"191":0,"192":0,"193":0,"194":0,"195":0,"196":0,"197":0,"198":0,"199":0,"200":1,"201":0,"202":0,"203":0,"204":0,"205":0,"206":0,"207":0,"208":1},"b":{"1":[0,0],"2":[0,0,0],"3":[0,0],"4":[0,0],"5":[0,0],"6":[0,0],"7":[0,0],"8":[0,0],"9":[0,0],"10":[0,0],"11":[0,0],"12":[0,0],"13":[0,0],"14":[0,0],"15":[0,0],"16":[0,0,0],"17":[0,0],"18":[0,0],"19":[0,0],"20":[0,0,0],"21":[0,0],"22":[0,0],"23":[0,0],"24":[0,0],"25":[0,0],"26":[0,0],"27":[0,0],"28":[0,0],"29":[0,0],"30":[0,0],"31":[0,0],"32":[0,0],"33":[0,0],"34":[0,0],"35":[0,0],"36":[0,0],"37":[0,0],"38":[0,0],"39":[0,0],"40":[0,0]},"f":{"1":0,"2":0,"3":0,"4":0,"5":0,"6":0,"7":0,"8":0,"9":0,"10":0,"11":0,"12":0,"13":0,"14":0,"15":0,"16":0,"17":0,"18":0,"19":0,"20":0,"21":0,"22":0,"23":0,"24":0,"25":0,"26":0,"27":0,"28":0,"29":0,"30":0,"31":0,"32":0,"33":0,"34":0,"35":0,"36":0,"37":0,"38":0,"39":0,"40":0,"41":0,"42":0},"fnMap":{"1":{"name":"ImapSimple","line":20,"loc":{"start":{"line":20,"column":0},"end":{"line":20,"column":26}}},"2":{"name":"(anonymous_2)","line":28,"loc":{"start":{"line":28,"column":82},"end":{"line":28,"column":99}}},"3":{"name":"(anonymous_3)","line":33,"loc":{"start":{"line":33,"column":26},"end":{"line":33,"column":41}}},"4":{"name":"(anonymous_4)","line":48,"loc":{"start":{"line":48,"column":27},"end":{"line":48,"column":39}}},"5":{"name":"(anonymous_5)","line":60,"loc":{"start":{"line":60,"column":28},"end":{"line":60,"column":40}}},"6":{"name":"(anonymous_6)","line":75,"loc":{"start":{"line":75,"column":31},"end":{"line":75,"column":60}}},"7":{"name":"(anonymous_7)","line":82,"loc":{"start":{"line":82,"column":23},"end":{"line":82,"column":50}}},"8":{"name":"(anonymous_8)","line":84,"loc":{"start":{"line":84,"column":35},"end":{"line":84,"column":58}}},"9":{"name":"(anonymous_9)","line":115,"loc":{"start":{"line":115,"column":30},"end":{"line":115,"column":80}}},"10":{"name":"(anonymous_10)","line":127,"loc":{"start":{"line":127,"column":23},"end":{"line":127,"column":50}}},"11":{"name":"(anonymous_11)","line":129,"loc":{"start":{"line":129,"column":41},"end":{"line":129,"column":62}}},"12":{"name":"fetchOnMessage","line":145,"loc":{"start":{"line":145,"column":12},"end":{"line":145,"column":52}}},"13":{"name":"(anonymous_13)","line":146,"loc":{"start":{"line":146,"column":41},"end":{"line":146,"column":60}}},"14":{"name":"fetchCompleted","line":157,"loc":{"start":{"line":157,"column":12},"end":{"line":157,"column":38}}},"15":{"name":"(anonymous_15)","line":159,"loc":{"start":{"line":159,"column":44},"end":{"line":159,"column":57}}},"16":{"name":"fetchOnError","line":163,"loc":{"start":{"line":163,"column":12},"end":{"line":163,"column":39}}},"17":{"name":"fetchOnEnd","line":169,"loc":{"start":{"line":169,"column":12},"end":{"line":169,"column":34}}},"18":{"name":"(anonymous_18)","line":190,"loc":{"start":{"line":190,"column":35},"end":{"line":190,"column":70}}},"19":{"name":"(anonymous_19)","line":197,"loc":{"start":{"line":197,"column":23},"end":{"line":197,"column":50}}},"20":{"name":"fetchOnMessage","line":203,"loc":{"start":{"line":203,"column":8},"end":{"line":203,"column":37}}},"21":{"name":"(anonymous_21)","line":204,"loc":{"start":{"line":204,"column":33},"end":{"line":204,"column":51}}},"22":{"name":"fetchOnError","line":245,"loc":{"start":{"line":245,"column":8},"end":{"line":245,"column":35}}},"23":{"name":"fetchOnEnd","line":251,"loc":{"start":{"line":251,"column":8},"end":{"line":251,"column":30}}},"24":{"name":"(anonymous_24)","line":272,"loc":{"start":{"line":272,"column":35},"end":{"line":272,"column":72}}},"25":{"name":"(anonymous_25)","line":279,"loc":{"start":{"line":279,"column":23},"end":{"line":279,"column":50}}},"26":{"name":"(anonymous_26)","line":280,"loc":{"start":{"line":280,"column":40},"end":{"line":280,"column":55}}},"27":{"name":"(anonymous_27)","line":303,"loc":{"start":{"line":303,"column":39},"end":{"line":303,"column":75}}},"28":{"name":"(anonymous_28)","line":310,"loc":{"start":{"line":310,"column":23},"end":{"line":310,"column":50}}},"29":{"name":"(anonymous_29)","line":311,"loc":{"start":{"line":311,"column":44},"end":{"line":311,"column":59}}},"30":{"name":"(anonymous_30)","line":332,"loc":{"start":{"line":332,"column":32},"end":{"line":332,"column":64}}},"31":{"name":"(anonymous_31)","line":339,"loc":{"start":{"line":339,"column":23},"end":{"line":339,"column":50}}},"32":{"name":"(anonymous_32)","line":340,"loc":{"start":{"line":340,"column":39},"end":{"line":340,"column":54}}},"33":{"name":"(anonymous_33)","line":361,"loc":{"start":{"line":361,"column":32},"end":{"line":361,"column":64}}},"34":{"name":"(anonymous_34)","line":368,"loc":{"start":{"line":368,"column":23},"end":{"line":368,"column":50}}},"35":{"name":"(anonymous_35)","line":369,"loc":{"start":{"line":369,"column":39},"end":{"line":369,"column":54}}},"36":{"name":"connect","line":389,"loc":{"start":{"line":389,"column":0},"end":{"line":389,"column":36}}},"37":{"name":"(anonymous_37)","line":407,"loc":{"start":{"line":407,"column":23},"end":{"line":407,"column":50}}},"38":{"name":"imapOnReady","line":410,"loc":{"start":{"line":410,"column":8},"end":{"line":410,"column":31}}},"39":{"name":"imapOnError","line":417,"loc":{"start":{"line":417,"column":8},"end":{"line":417,"column":34}}},"40":{"name":"imapOnEnd","line":428,"loc":{"start":{"line":428,"column":8},"end":{"line":428,"column":29}}},"41":{"name":"imapOnClose","line":435,"loc":{"start":{"line":435,"column":8},"end":{"line":435,"column":31}}},"42":{"name":"getParts","line":475,"loc":{"start":{"line":475,"column":0},"end":{"line":475,"column":33}}}},"statementMap":{"1":{"start":{"line":2,"column":0},"end":{"line":2,"column":27}},"2":{"start":{"line":3,"column":0},"end":{"line":3,"column":45}},"3":{"start":{"line":4,"column":0},"end":{"line":4,"column":33}},"4":{"start":{"line":5,"column":0},"end":{"line":5,"column":49}},"5":{"start":{"line":6,"column":0},"end":{"line":6,"column":33}},"6":{"start":{"line":7,"column":0},"end":{"line":7,"column":27}},"7":{"start":{"line":8,"column":0},"end":{"line":8,"column":50}},"8":{"start":{"line":9,"column":0},"end":{"line":9,"column":37}},"9":{"start":{"line":10,"column":0},"end":{"line":10,"column":38}},"10":{"start":{"line":11,"column":0},"end":{"line":11,"column":27}},"11":{"start":{"line":20,"column":0},"end":{"line":41,"column":1}},"12":{"start":{"line":21,"column":4},"end":{"line":21,"column":20}},"13":{"start":{"line":22,"column":4},"end":{"line":22,"column":21}},"14":{"start":{"line":25,"column":4},"end":{"line":25,"column":24}},"15":{"start":{"line":28,"column":4},"end":{"line":30,"column":7}},"16":{"start":{"line":29,"column":8},"end":{"line":29,"column":57}},"17":{"start":{"line":33,"column":4},"end":{"line":40,"column":7}},"18":{"start":{"line":35,"column":8},"end":{"line":37,"column":9}},"19":{"start":{"line":36,"column":12},"end":{"line":36,"column":19}},"20":{"start":{"line":39,"column":8},"end":{"line":39,"column":32}},"21":{"start":{"line":43,"column":0},"end":{"line":43,"column":40}},"22":{"start":{"line":48,"column":0},"end":{"line":65,"column":2}},"23":{"start":{"line":49,"column":4},"end":{"line":49,"column":20}},"24":{"start":{"line":55,"column":4},"end":{"line":55,"column":23}},"25":{"start":{"line":60,"column":4},"end":{"line":62,"column":7}},"26":{"start":{"line":61,"column":8},"end":{"line":61,"column":28}},"27":{"start":{"line":64,"column":4},"end":{"line":64,"column":20}},"28":{"start":{"line":75,"column":0},"end":{"line":94,"column":2}},"29":{"start":{"line":76,"column":4},"end":{"line":76,"column":20}},"30":{"start":{"line":78,"column":4},"end":{"line":80,"column":5}},"31":{"start":{"line":79,"column":8},"end":{"line":79,"column":56}},"32":{"start":{"line":82,"column":4},"end":{"line":93,"column":7}},"33":{"start":{"line":84,"column":8},"end":{"line":92,"column":11}},"34":{"start":{"line":86,"column":12},"end":{"line":89,"column":13}},"35":{"start":{"line":87,"column":16},"end":{"line":87,"column":28}},"36":{"start":{"line":88,"column":16},"end":{"line":88,"column":23}},"37":{"start":{"line":91,"column":12},"end":{"line":91,"column":28}},"38":{"start":{"line":115,"column":0},"end":{"line":179,"column":2}},"39":{"start":{"line":116,"column":4},"end":{"line":116,"column":20}},"40":{"start":{"line":118,"column":4},"end":{"line":121,"column":5}},"41":{"start":{"line":119,"column":8},"end":{"line":119,"column":32}},"42":{"start":{"line":120,"column":8},"end":{"line":120,"column":28}},"43":{"start":{"line":123,"column":4},"end":{"line":125,"column":5}},"44":{"start":{"line":124,"column":8},"end":{"line":124,"column":76}},"45":{"start":{"line":127,"column":4},"end":{"line":178,"column":7}},"46":{"start":{"line":129,"column":8},"end":{"line":177,"column":11}},"47":{"start":{"line":131,"column":12},"end":{"line":134,"column":13}},"48":{"start":{"line":132,"column":16},"end":{"line":132,"column":28}},"49":{"start":{"line":133,"column":16},"end":{"line":133,"column":23}},"50":{"start":{"line":136,"column":12},"end":{"line":139,"column":13}},"51":{"start":{"line":137,"column":16},"end":{"line":137,"column":28}},"52":{"start":{"line":138,"column":16},"end":{"line":138,"column":23}},"53":{"start":{"line":141,"column":12},"end":{"line":141,"column":60}},"54":{"start":{"line":142,"column":12},"end":{"line":142,"column":38}},"55":{"start":{"line":143,"column":12},"end":{"line":143,"column":30}},"56":{"start":{"line":145,"column":12},"end":{"line":155,"column":13}},"57":{"start":{"line":146,"column":16},"end":{"line":154,"column":19}},"58":{"start":{"line":147,"column":20},"end":{"line":147,"column":42}},"59":{"start":{"line":148,"column":20},"end":{"line":148,"column":46}},"60":{"start":{"line":150,"column":20},"end":{"line":150,"column":40}},"61":{"start":{"line":151,"column":20},"end":{"line":153,"column":21}},"62":{"start":{"line":152,"column":24},"end":{"line":152,"column":41}},"63":{"start":{"line":157,"column":12},"end":{"line":161,"column":13}},"64":{"start":{"line":159,"column":16},"end":{"line":159,"column":74}},"65":{"start":{"line":159,"column":59},"end":{"line":159,"column":70}},"66":{"start":{"line":160,"column":16},"end":{"line":160,"column":31}},"67":{"start":{"line":163,"column":12},"end":{"line":167,"column":13}},"68":{"start":{"line":164,"column":16},"end":{"line":164,"column":64}},"69":{"start":{"line":165,"column":16},"end":{"line":165,"column":56}},"70":{"start":{"line":166,"column":16},"end":{"line":166,"column":28}},"71":{"start":{"line":169,"column":12},"end":{"line":172,"column":13}},"72":{"start":{"line":170,"column":16},"end":{"line":170,"column":64}},"73":{"start":{"line":171,"column":16},"end":{"line":171,"column":60}},"74":{"start":{"line":174,"column":12},"end":{"line":174,"column":48}},"75":{"start":{"line":175,"column":12},"end":{"line":175,"column":46}},"76":{"start":{"line":176,"column":12},"end":{"line":176,"column":42}},"77":{"start":{"line":190,"column":0},"end":{"line":260,"column":2}},"78":{"start":{"line":191,"column":4},"end":{"line":191,"column":20}},"79":{"start":{"line":193,"column":4},"end":{"line":195,"column":5}},"80":{"start":{"line":194,"column":8},"end":{"line":194,"column":66}},"81":{"start":{"line":197,"column":4},"end":{"line":259,"column":7}},"82":{"start":{"line":198,"column":8},"end":{"line":201,"column":11}},"83":{"start":{"line":203,"column":8},"end":{"line":243,"column":9}},"84":{"start":{"line":204,"column":12},"end":{"line":242,"column":15}},"85":{"start":{"line":205,"column":16},"end":{"line":208,"column":17}},"86":{"start":{"line":206,"column":20},"end":{"line":206,"column":93}},"87":{"start":{"line":207,"column":20},"end":{"line":207,"column":27}},"88":{"start":{"line":210,"column":16},"end":{"line":210,"column":48}},"89":{"start":{"line":212,"column":16},"end":{"line":212,"column":59}},"90":{"start":{"line":214,"column":16},"end":{"line":217,"column":17}},"91":{"start":{"line":215,"column":20},"end":{"line":215,"column":56}},"92":{"start":{"line":216,"column":20},"end":{"line":216,"column":27}},"93":{"start":{"line":219,"column":16},"end":{"line":227,"column":17}},"94":{"start":{"line":220,"column":20},"end":{"line":225,"column":21}},"95":{"start":{"line":222,"column":24},"end":{"line":222,"column":87}},"96":{"start":{"line":224,"column":24},"end":{"line":224,"column":74}},"97":{"start":{"line":226,"column":20},"end":{"line":226,"column":27}},"98":{"start":{"line":229,"column":16},"end":{"line":232,"column":17}},"99":{"start":{"line":230,"column":20},"end":{"line":230,"column":66}},"100":{"start":{"line":231,"column":20},"end":{"line":231,"column":27}},"101":{"start":{"line":234,"column":16},"end":{"line":238,"column":17}},"102":{"start":{"line":235,"column":20},"end":{"line":235,"column":82}},"103":{"start":{"line":236,"column":20},"end":{"line":236,"column":73}},"104":{"start":{"line":237,"column":20},"end":{"line":237,"column":27}},"105":{"start":{"line":241,"column":16},"end":{"line":241,"column":71}},"106":{"start":{"line":245,"column":8},"end":{"line":249,"column":9}},"107":{"start":{"line":246,"column":12},"end":{"line":246,"column":60}},"108":{"start":{"line":247,"column":12},"end":{"line":247,"column":52}},"109":{"start":{"line":248,"column":12},"end":{"line":248,"column":24}},"110":{"start":{"line":251,"column":8},"end":{"line":254,"column":9}},"111":{"start":{"line":252,"column":12},"end":{"line":252,"column":60}},"112":{"start":{"line":253,"column":12},"end":{"line":253,"column":56}},"113":{"start":{"line":256,"column":8},"end":{"line":256,"column":46}},"114":{"start":{"line":257,"column":8},"end":{"line":257,"column":42}},"115":{"start":{"line":258,"column":8},"end":{"line":258,"column":38}},"116":{"start":{"line":272,"column":0},"end":{"line":289,"column":2}},"117":{"start":{"line":273,"column":4},"end":{"line":273,"column":20}},"118":{"start":{"line":275,"column":4},"end":{"line":277,"column":5}},"119":{"start":{"line":276,"column":8},"end":{"line":276,"column":68}},"120":{"start":{"line":279,"column":4},"end":{"line":288,"column":7}},"121":{"start":{"line":280,"column":8},"end":{"line":287,"column":11}},"122":{"start":{"line":281,"column":12},"end":{"line":284,"column":13}},"123":{"start":{"line":282,"column":16},"end":{"line":282,"column":28}},"124":{"start":{"line":283,"column":16},"end":{"line":283,"column":23}},"125":{"start":{"line":286,"column":12},"end":{"line":286,"column":22}},"126":{"start":{"line":303,"column":0},"end":{"line":320,"column":2}},"127":{"start":{"line":304,"column":4},"end":{"line":304,"column":20}},"128":{"start":{"line":306,"column":4},"end":{"line":308,"column":5}},"129":{"start":{"line":307,"column":8},"end":{"line":307,"column":71}},"130":{"start":{"line":310,"column":4},"end":{"line":319,"column":7}},"131":{"start":{"line":311,"column":8},"end":{"line":318,"column":11}},"132":{"start":{"line":312,"column":12},"end":{"line":315,"column":13}},"133":{"start":{"line":313,"column":16},"end":{"line":313,"column":28}},"134":{"start":{"line":314,"column":16},"end":{"line":314,"column":23}},"135":{"start":{"line":317,"column":12},"end":{"line":317,"column":22}},"136":{"start":{"line":332,"column":0},"end":{"line":349,"column":2}},"137":{"start":{"line":333,"column":4},"end":{"line":333,"column":20}},"138":{"start":{"line":335,"column":4},"end":{"line":337,"column":5}},"139":{"start":{"line":336,"column":8},"end":{"line":336,"column":60}},"140":{"start":{"line":339,"column":4},"end":{"line":348,"column":7}},"141":{"start":{"line":340,"column":8},"end":{"line":347,"column":11}},"142":{"start":{"line":341,"column":12},"end":{"line":344,"column":13}},"143":{"start":{"line":342,"column":16},"end":{"line":342,"column":28}},"144":{"start":{"line":343,"column":16},"end":{"line":343,"column":23}},"145":{"start":{"line":346,"column":12},"end":{"line":346,"column":22}},"146":{"start":{"line":361,"column":0},"end":{"line":378,"column":2}},"147":{"start":{"line":362,"column":4},"end":{"line":362,"column":20}},"148":{"start":{"line":364,"column":4},"end":{"line":366,"column":5}},"149":{"start":{"line":365,"column":8},"end":{"line":365,"column":60}},"150":{"start":{"line":368,"column":4},"end":{"line":377,"column":7}},"151":{"start":{"line":369,"column":8},"end":{"line":376,"column":11}},"152":{"start":{"line":370,"column":12},"end":{"line":373,"column":13}},"153":{"start":{"line":371,"column":16},"end":{"line":371,"column":28}},"154":{"start":{"line":372,"column":16},"end":{"line":372,"column":23}},"155":{"start":{"line":375,"column":12},"end":{"line":375,"column":22}},"156":{"start":{"line":389,"column":0},"end":{"line":461,"column":1}},"157":{"start":{"line":390,"column":4},"end":{"line":390,"column":28}},"158":{"start":{"line":391,"column":4},"end":{"line":391,"column":38}},"159":{"start":{"line":394,"column":4},"end":{"line":398,"column":5}},"160":{"start":{"line":395,"column":8},"end":{"line":396,"column":60}},"161":{"start":{"line":397,"column":8},"end":{"line":397,"column":58}},"162":{"start":{"line":401,"column":4},"end":{"line":401,"column":108}},"163":{"start":{"line":403,"column":4},"end":{"line":405,"column":5}},"164":{"start":{"line":404,"column":8},"end":{"line":404,"column":51}},"165":{"start":{"line":407,"column":4},"end":{"line":460,"column":7}},"166":{"start":{"line":408,"column":8},"end":{"line":408,"column":42}},"167":{"start":{"line":410,"column":8},"end":{"line":415,"column":9}},"168":{"start":{"line":411,"column":12},"end":{"line":411,"column":54}},"169":{"start":{"line":412,"column":12},"end":{"line":412,"column":54}},"170":{"start":{"line":413,"column":12},"end":{"line":413,"column":50}},"171":{"start":{"line":414,"column":12},"end":{"line":414,"column":42}},"172":{"start":{"line":417,"column":8},"end":{"line":426,"column":9}},"173":{"start":{"line":418,"column":12},"end":{"line":420,"column":13}},"174":{"start":{"line":419,"column":16},"end":{"line":419,"column":82}},"175":{"start":{"line":422,"column":12},"end":{"line":422,"column":54}},"176":{"start":{"line":423,"column":12},"end":{"line":423,"column":54}},"177":{"start":{"line":424,"column":12},"end":{"line":424,"column":50}},"178":{"start":{"line":425,"column":12},"end":{"line":425,"column":24}},"179":{"start":{"line":428,"column":8},"end":{"line":433,"column":9}},"180":{"start":{"line":429,"column":12},"end":{"line":429,"column":54}},"181":{"start":{"line":430,"column":12},"end":{"line":430,"column":54}},"182":{"start":{"line":431,"column":12},"end":{"line":431,"column":54}},"183":{"start":{"line":432,"column":12},"end":{"line":432,"column":63}},"184":{"start":{"line":435,"column":8},"end":{"line":440,"column":9}},"185":{"start":{"line":436,"column":12},"end":{"line":436,"column":54}},"186":{"start":{"line":437,"column":12},"end":{"line":437,"column":54}},"187":{"start":{"line":438,"column":12},"end":{"line":438,"column":50}},"188":{"start":{"line":439,"column":12},"end":{"line":439,"column":64}},"189":{"start":{"line":442,"column":8},"end":{"line":442,"column":40}},"190":{"start":{"line":443,"column":8},"end":{"line":443,"column":40}},"191":{"start":{"line":444,"column":8},"end":{"line":444,"column":40}},"192":{"start":{"line":445,"column":8},"end":{"line":445,"column":36}},"193":{"start":{"line":447,"column":8},"end":{"line":449,"column":9}},"194":{"start":{"line":448,"column":12},"end":{"line":448,"column":44}},"195":{"start":{"line":451,"column":8},"end":{"line":453,"column":9}},"196":{"start":{"line":452,"column":12},"end":{"line":452,"column":50}},"197":{"start":{"line":455,"column":8},"end":{"line":457,"column":9}},"198":{"start":{"line":456,"column":12},"end":{"line":456,"column":48}},"199":{"start":{"line":459,"column":8},"end":{"line":459,"column":23}},"200":{"start":{"line":475,"column":0},"end":{"line":485,"column":1}},"201":{"start":{"line":476,"column":4},"end":{"line":476,"column":24}},"202":{"start":{"line":477,"column":4},"end":{"line":483,"column":5}},"203":{"start":{"line":478,"column":8},"end":{"line":482,"column":9}},"204":{"start":{"line":479,"column":12},"end":{"line":479,"column":39}},"205":{"start":{"line":480,"column":15},"end":{"line":482,"column":9}},"206":{"start":{"line":481,"column":12},"end":{"line":481,"column":34}},"207":{"start":{"line":484,"column":4},"end":{"line":484,"column":17}},"208":{"start":{"line":487,"column":0},"end":{"line":493,"column":2}}},"branchMap":{"1":{"line":35,"type":"if","locations":[{"start":{"line":35,"column":8},"end":{"line":35,"column":8}},{"start":{"line":35,"column":8},"end":{"line":35,"column":8}}]},"2":{"line":35,"type":"binary-expr","locations":[{"start":{"line":35,"column":12},"end":{"line":35,"column":15}},{"start":{"line":35,"column":19},"end":{"line":35,"column":30}},{"start":{"line":35,"column":35},"end":{"line":35,"column":74}}]},"3":{"line":78,"type":"if","locations":[{"start":{"line":78,"column":4},"end":{"line":78,"column":4}},{"start":{"line":78,"column":4},"end":{"line":78,"column":4}}]},"4":{"line":86,"type":"if","locations":[{"start":{"line":86,"column":12},"end":{"line":86,"column":12}},{"start":{"line":86,"column":12},"end":{"line":86,"column":12}}]},"5":{"line":118,"type":"if","locations":[{"start":{"line":118,"column":4},"end":{"line":118,"column":4}},{"start":{"line":118,"column":4},"end":{"line":118,"column":4}}]},"6":{"line":118,"type":"binary-expr","locations":[{"start":{"line":118,"column":8},"end":{"line":118,"column":17}},{"start":{"line":118,"column":21},"end":{"line":118,"column":55}}]},"7":{"line":123,"type":"if","locations":[{"start":{"line":123,"column":4},"end":{"line":123,"column":4}},{"start":{"line":123,"column":4},"end":{"line":123,"column":4}}]},"8":{"line":131,"type":"if","locations":[{"start":{"line":131,"column":12},"end":{"line":131,"column":12}},{"start":{"line":131,"column":12},"end":{"line":131,"column":12}}]},"9":{"line":136,"type":"if","locations":[{"start":{"line":136,"column":12},"end":{"line":136,"column":12}},{"start":{"line":136,"column":12},"end":{"line":136,"column":12}}]},"10":{"line":151,"type":"if","locations":[{"start":{"line":151,"column":20},"end":{"line":151,"column":20}},{"start":{"line":151,"column":20},"end":{"line":151,"column":20}}]},"11":{"line":193,"type":"if","locations":[{"start":{"line":193,"column":4},"end":{"line":193,"column":4}},{"start":{"line":193,"column":4},"end":{"line":193,"column":4}}]},"12":{"line":205,"type":"if","locations":[{"start":{"line":205,"column":16},"end":{"line":205,"column":16}},{"start":{"line":205,"column":16},"end":{"line":205,"column":16}}]},"13":{"line":214,"type":"if","locations":[{"start":{"line":214,"column":16},"end":{"line":214,"column":16}},{"start":{"line":214,"column":16},"end":{"line":214,"column":16}}]},"14":{"line":219,"type":"if","locations":[{"start":{"line":219,"column":16},"end":{"line":219,"column":16}},{"start":{"line":219,"column":16},"end":{"line":219,"column":16}}]},"15":{"line":220,"type":"if","locations":[{"start":{"line":220,"column":20},"end":{"line":220,"column":20}},{"start":{"line":220,"column":20},"end":{"line":220,"column":20}}]},"16":{"line":220,"type":"binary-expr","locations":[{"start":{"line":220,"column":24},"end":{"line":220,"column":35}},{"start":{"line":220,"column":39},"end":{"line":220,"column":58}},{"start":{"line":221,"column":24},"end":{"line":221,"column":69}}]},"17":{"line":229,"type":"if","locations":[{"start":{"line":229,"column":16},"end":{"line":229,"column":16}},{"start":{"line":229,"column":16},"end":{"line":229,"column":16}}]},"18":{"line":234,"type":"if","locations":[{"start":{"line":234,"column":16},"end":{"line":234,"column":16}},{"start":{"line":234,"column":16},"end":{"line":234,"column":16}}]},"19":{"line":234,"type":"binary-expr","locations":[{"start":{"line":234,"column":20},"end":{"line":234,"column":39}},{"start":{"line":234,"column":43},"end":{"line":234,"column":64}}]},"20":{"line":235,"type":"binary-expr","locations":[{"start":{"line":235,"column":35},"end":{"line":235,"column":46}},{"start":{"line":235,"column":50},"end":{"line":235,"column":69}},{"start":{"line":235,"column":74},"end":{"line":235,"column":81}}]},"21":{"line":275,"type":"if","locations":[{"start":{"line":275,"column":4},"end":{"line":275,"column":4}},{"start":{"line":275,"column":4},"end":{"line":275,"column":4}}]},"22":{"line":281,"type":"if","locations":[{"start":{"line":281,"column":12},"end":{"line":281,"column":12}},{"start":{"line":281,"column":12},"end":{"line":281,"column":12}}]},"23":{"line":306,"type":"if","locations":[{"start":{"line":306,"column":4},"end":{"line":306,"column":4}},{"start":{"line":306,"column":4},"end":{"line":306,"column":4}}]},"24":{"line":312,"type":"if","locations":[{"start":{"line":312,"column":12},"end":{"line":312,"column":12}},{"start":{"line":312,"column":12},"end":{"line":312,"column":12}}]},"25":{"line":335,"type":"if","locations":[{"start":{"line":335,"column":4},"end":{"line":335,"column":4}},{"start":{"line":335,"column":4},"end":{"line":335,"column":4}}]},"26":{"line":341,"type":"if","locations":[{"start":{"line":341,"column":12},"end":{"line":341,"column":12}},{"start":{"line":341,"column":12},"end":{"line":341,"column":12}}]},"27":{"line":364,"type":"if","locations":[{"start":{"line":364,"column":4},"end":{"line":364,"column":4}},{"start":{"line":364,"column":4},"end":{"line":364,"column":4}}]},"28":{"line":370,"type":"if","locations":[{"start":{"line":370,"column":12},"end":{"line":370,"column":12}},{"start":{"line":370,"column":12},"end":{"line":370,"column":12}}]},"29":{"line":390,"type":"binary-expr","locations":[{"start":{"line":390,"column":14},"end":{"line":390,"column":21}},{"start":{"line":390,"column":25},"end":{"line":390,"column":27}}]},"30":{"line":391,"type":"binary-expr","locations":[{"start":{"line":391,"column":19},"end":{"line":391,"column":31}},{"start":{"line":391,"column":35},"end":{"line":391,"column":37}}]},"31":{"line":394,"type":"if","locations":[{"start":{"line":394,"column":4},"end":{"line":394,"column":4}},{"start":{"line":394,"column":4},"end":{"line":394,"column":4}}]},"32":{"line":401,"type":"cond-expr","locations":[{"start":{"line":401,"column":76},"end":{"line":401,"column":100}},{"start":{"line":401,"column":103},"end":{"line":401,"column":107}}]},"33":{"line":403,"type":"if","locations":[{"start":{"line":403,"column":4},"end":{"line":403,"column":4}},{"start":{"line":403,"column":4},"end":{"line":403,"column":4}}]},"34":{"line":418,"type":"if","locations":[{"start":{"line":418,"column":12},"end":{"line":418,"column":12}},{"start":{"line":418,"column":12},"end":{"line":418,"column":12}}]},"35":{"line":447,"type":"if","locations":[{"start":{"line":447,"column":8},"end":{"line":447,"column":8}},{"start":{"line":447,"column":8},"end":{"line":447,"column":8}}]},"36":{"line":451,"type":"if","locations":[{"start":{"line":451,"column":8},"end":{"line":451,"column":8}},{"start":{"line":451,"column":8},"end":{"line":451,"column":8}}]},"37":{"line":455,"type":"if","locations":[{"start":{"line":455,"column":8},"end":{"line":455,"column":8}},{"start":{"line":455,"column":8},"end":{"line":455,"column":8}}]},"38":{"line":476,"type":"binary-expr","locations":[{"start":{"line":476,"column":12},"end":{"line":476,"column":17}},{"start":{"line":476,"column":21},"end":{"line":476,"column":23}}]},"39":{"line":478,"type":"if","locations":[{"start":{"line":478,"column":8},"end":{"line":478,"column":8}},{"start":{"line":478,"column":8},"end":{"line":478,"column":8}}]},"40":{"line":480,"type":"if","locations":[{"start":{"line":480,"column":15},"end":{"line":480,"column":15}},{"start":{"line":480,"column":15},"end":{"line":480,"column":15}}]}},"code":["'use strict';","var Imap = require('imap');","var Promise = require('es6-promise').Promise;","var nodeify = require('nodeify');","var getMessage = require('./helpers/getMessage');","var errors = require('./errors');","var util = require('util');","var EventEmitter = require('events').EventEmitter;","var qp = require('quoted-printable');","var iconvlite = require('iconv-lite');","var utf8 = require('utf8'
[...]
"ImapSimple.prototype.getPartData = function (message, part, callback) {","    var self = this;","","    if (callback) {","        return nodeify(self.getPartData(message, part), callback);","    }","","    return new Promise(function (resolve, reject) {","        var fetch = self.imap.fetch(message.attributes.uid, {","            bodies: [part.partID],","            struct: true","        });","","        function fetchOnMessage(msg) {","            getMessage(msg).then(function (result) {","                if (result.parts.length !== 1) {","                    reject(new Error('Got ' + result.parts.length + ' parts, should get 1'));","                    return;","                }","","                var data = result.parts[0].body;","","                var encoding = part.encoding.toUpperCase();","","                if (encoding === 'BASE64') {","                    resolve(new Buffer(data, 'base64'));","                    return;","                }","","                if (encoding === 'QUOTED-PRINTABLE') {","                    if (part.params && part.params.charset &&","                        part.params.charset.toUpperCase() === 'UTF-8') {","                        resolve((new Buffer(utf8.decode(qp.decode(data)))).toString());","                    } else {","                        resolve((new Buffer(qp.decode(data))).toString());","                    }","                    return;","                }","","                if (encoding === '7BIT') {","                    resolve((new Buffer(data)).toString('ascii'));","                    return;","                }","","                if (encoding === '8BIT' || encoding === 'BINARY') {","                    var charset = (part.params && part.params.charset) || 'utf-8';","                    resolve(iconvlite.decode(new Buffer(data), charset));","                    return;","                }","","                // if it gets here, the encoding is not currently supported","                reject(new Error('Unknown encoding ' + part.encoding));","            });","        }","","        function fetchOnError(err) {","            fetch.removeListener('message', fetchOnMessage);","            fetch.removeListener('end', fetchOnEnd);","            reject(err);","        }","","        function fetchOnEnd() {","            fetch.removeListener('message', fetchOnMessage);","            fetch.removeListener('error', fetchOnError);","        }","","        fetch.once('message', fetchOnMessage);","        fetch.once('error', fetchOnError);","        fetch.once('end', fetchOnEnd);","    });","};","","/**"," * Moves the specified message(s) in the currently open mailbox to another mailbox."," *"," * @param {string|Array} source The node-imap `MessageSource` indicating the message(s) from the current open mailbox"," *  to move."," * @param {string} boxName The mailbox to move the message(s) to."," * @param {function} [callback] Optional callback, receiving signature (err)"," * @returns {undefined|Promise} Returns a promise when no callback is specified, resolving when the action succeeds."," * @memberof ImapSimple"," */","ImapSimple.prototype.moveMessage = function (source, boxName, callback) {","    var self = this;","","    if (callback) {","        return nodeify(self.moveMessage(source, boxName), callback);","    }","","    return new Promise(function (resolve, reject) {","        self.imap.move(source, boxName, function (err) {","            if (err) {","                reject(err);","                return;","            }","","            resolve();","        });","    });","};","","/**"," * Adds the provided label(s) to the specified message(s)."," *"," * This is a Gmail extension method (X-GM-EXT-1)"," *"," * @param {string|Array} source The node-imap `MessageSource` indicating the message(s) to add the label(s) to."," * @param {string|Array} labels Either a single string or an array of strings indicating the labels to add to the"," *  message(s)."," * @param {function} [callback] Optional callback, receiving signature (err)"," * @returns {undefined|Promise} Returns a promise when no callback is specified, resolving when the action succeeds."," * @memberof ImapSimple"," */","ImapSimple.prototype.addMessageLabel = function (source, labels, callback) {","    var self = this;","","    if (callback) {","        return nodeify(self.addMessageLabel(source, labels), callback);","    }","","    return new Promise(function (resolve, reject) {","        self.imap.addLabels(source, labels, function (err) {","            if (err) {","                reject(err);","                return;","            }","","            resolve();","        });","    });","};","","/**"," * Adds the provided flag(s) to the specified message(s)."," *"," * @param {string|Array} uid The messages uid"," * @param {string|Array} flags Either a single string or an array of strings indicating the flags to add to the"," *  message(s)."," * @param {function} [callback] Optional callback, receiving signature (err)"," * @returns {undefined|Promise} Returns a promise when no callback is specified, resolving when the action succeeds."," * @memberof ImapSimple"," */","ImapSimple.prototype.addFlags = function (uid, flags, callback) {","    var self = this;","","    if (callback) {","        return nodeify(self.addFlags(uid, flags), callback);","    }","","    return new Promise(function (resolve, reject) {","        self.imap.addFlags(uid, flags, function (err) {","            if (err) {","                reject(err);","                return;","            }","","            resolve();","        });","    });","};","","/**"," * Removes the provided flag(s) to the specified message(s)."," *"," * @param {string|Array} uid The messages uid"," * @param {string|Array} flags Either a single string or an array of strings indicating the flags to remove from the"," *  message(s)."," * @param {function} [callback] Optional callback, receiving signature (err)"," * @returns {undefined|Promise} Returns a promise when no callback is specified, resolving when the action succeeds."," * @memberof ImapSimple"," */","ImapSimple.prototype.delFlags = function (uid, flags, callback) {","    var self = this;","","    if (callback) {","        return nodeify(self.delFlags(uid, flags), callback);","    }","","    return new Promise(function (resolve, reject) {","        self.imap.delFlags(uid, flags, function (err) {","            if (err) {","                reject(err);","                return;","            }","","            resolve();","        });","    });","};","","/**"," * Connect to an Imap server, returning an ImapSimple instance, which is a wrapper over node-imap to"," * simplify it's api for common use cases."," *"," * @param {object} options"," * @param {object} options.imap Options to pass to node-imap constructor 1:1"," * @param {function} [callback] Optional callback, receiving signature (err, connection)"," * @returns {undefined|Promise} Returns a promise when no callback is specified, resolving to `connection`"," */","function connect(options, callback) {","    options = options || {};","    options.imap = options.imap || {};","","    // support old connectTimeout config option. Remove in v2.0.0","    if (options.hasOwnProperty('connectTimeout')) {","        console.warn('[imap-simple] connect: options.connectTimeout is deprecated. ' +","            'Please use options.imap.authTimeout instead.');","        options.imap.authTimeout = options.connectTimeout;","    }","","    // set default authTimeout","    options.imap.authTimeout = options.imap.hasOwnProperty('authTimeout') ? options.imap.authTimeout : 2000;","","    if (callback) {","        return nodeify(connect(options), callback);","    }","","    return new Promise(function (resolve, reject) {","        var imap = new Imap(options.imap);","","        function imapOnReady() {","            imap.removeListener('error', imapOnError);","            imap.removeListener('close', imapOnClose);","            imap.removeListener('end', imapOnEnd);","            resolve(new ImapSimple(imap));","        }","","        function imapOnError(err) {","            if (err.source === 'timeout-auth') {","                err = new errors.ConnectionTimeoutError(options.imap.authTimeout);","            }","","            imap.removeListener('ready', imapOnReady);","            imap.removeListener('close', imapOnClose);","            imap.removeListener('end', imapOnEnd);","            reject(err);","        }","","        function imapOnEnd() {","            imap.removeListener('ready', imapOnReady);","            imap.removeListener('error', imapOnError);","            imap.removeListener('close', imapOnClose);","            reject(new Error('Connection ended unexpectedly'));","        }","","        function imapOnClose() {","            imap.removeListener('ready', imapOnReady);","            imap.removeListener('error', imapOnError);","            imap.removeListener('end', imapOnEnd);","            reject(new Error('Connection closed unexpectedly'));","        }","","        imap.once('ready', imapOnReady);","        imap.once('error', imapOnError);","        imap.once('close', imapOnClose);","        imap.once('end', imapOnEnd);","","        if (options.hasOwnProperty('onmail')) {","            imap.on('mail', options.onmail);","        }","","        if (options.hasOwnProperty('onexpunge')) {","            imap.on('expunge', options.onexpunge);","        }","","        if (options.hasOwnProperty('onupdate')) {","            imap.on('update', options.onupdate);","        }","","        imap.connect();","    });","}","","/**"," * Given the `message.attributes.struct`, retrieve a flattened array of `parts` objects that describe the structure of"," * the different parts of the message's body. Useful for getting a simple list to iterate for the purposes of,"," * for example, finding all attachments."," *"," * Code taken from http://stackoverflow.com/questions/25247207/how-to-read-and-save-attachments-using-node-imap"," *"," * @param {Array} struct The `message.attributes.struct` value from the message you wish to retrieve parts for."," * @param {Array} [parts] The list of parts to push to."," * @returns {Array} a flattened array of `parts` objects that describe the structure of the different parts of the"," *  message's body"," */","function getParts(struct, parts) {","    parts = parts || [];","    for (var i = 0; i < struct.length; i++) {","        if (Array.isArray(struct[i])) {","            getParts(struct[i], parts);","        } else if (struct[i].partID) {","            parts.push(struct[i]);","        }","    }","    return parts;","}","","module.exports = {","    connect: connect,","    ImapSimple: ImapSimple,","    parseHeader: Imap.parseHeader,","    getParts: getParts,","    errors: errors","};",""],"l":{"2":1,"3":1,"4":1,"5":1,"6":1,"7":1,"8":1,"9":1,"10":1,"11":1,"20":1,"21":0,"22":0,"25":0,"28":0,"29":0,"33":0,"35":0,"36":0,"39":0,"43":1,"48":1,"49":0,"55":0,"60":0,"61":0,"64":0,"75":1,"76":0,"78":0,"79":0,"82":0,"84":0,"86":0,"87":0,"88":0,"91":0,"115":1,"116":0,"118":0,"119":0,"120":0,"123":0,"124":0,"127":0,"129":0,"131":0,"132":0,"133":0,"136":0,"137":0,"138":0,"141":0,"142":0,"143":0,"145":1,"146":0,"147":0,"148":0,"150":0,"151":0,"152":0,"157":1,"159":0,"160":0,"163":1,"164":0,"165":0,"166":0,"169":1,"170":0,"171":0,"174":0,"175":0,"176":0,"190":1,"191":0,"193":0,"194":0,"197":0,"198":0,"203":1,"204":0,"205":0,"206":0,"207":0,"210":0,"212":0,"214":0,"215":0,"216":0,"219":0,"220":0,"222":0,"224":0,"226":0,"229":0,"230":0,"231":0,"234":0,"235":0,"236":0,"237":0,"241":0,"245":1,"246":0,"247":0,"248":0,"251":1,"252":0,"253":0,"256":0,"257":0,"258":0,"272":1,"273":0,"275":0,"276":0,"279":0,"280":0,"281":0,"282":0,"283":0,"286":0,"303":1,"304":0,"306":0,"307":0,"310":0,"311":0,"312":0,"313":0,"314":0,"317":0,"332":1,"333":0,"335":0,"336":0,"339":0,"340":0,"341":0,"342":0,"343":0,"346":0,"361":1,"362":0,"364":0,"365":0,"368":0,"369":0,"370":0,"371":0,"372":0,"375":0,"389":1,"390":0,"391":0,"394":0,"395":0,"397":0,"401":0,"403":0,"404":0,"407":0,"408":0,"410":1,"411":0,"412":0,"413":0,"414":0,"417":1,"418":0,"419":0,"422":0,"423":0,"424":0,"425":0,"428":1,"429":0,"430":0,"431":0,"432":0,"435":1,"436":0,"437":0,"438":0,"439":0,"442":0,"443":0,"444":0,"445":0,"447":0,"448":0,"451":0,"452":0,"455":0,"456":0,"459":0,"475":1,"476":0,"477":0,"478":0,"479":0,"480":0,"481":0,"484":0,"487":1}},"/home/travis/build/npmtest/node-npmtest-imap-simple/node_modules/imap-simple/lib/helpers/getMessage.js":{"path":"/home/travis/build/npmtest/node-npmtest-imap-simple/node_modules/imap-simple/lib/helpers/getMessage.js","s":{"1":1,"2":1,"3":1,"4":0,"5":0,"6":0,"7":0,"8":1,"9":0,"10":1,"11":0,"12":0,"13":0,"14":0,"15":0,"16":0,"17":0,"18":0,"19":1,"20":0,"21":1,"22":0,"23":0,"24":0,"25":0,"26":0,"27":0},"b":{"1":[0,0]},"f":{"1":0,"2":0,"3":0,"4":0,"5":0,"6":0,"7":0},"fnMap":{"1":{"name":"getMessage","line":17,"loc":{"start":{"line":17,"column":17},"end":{"line":17,"column":46}}},"2":{"name":"(anonymous_2)","line":18,"loc":{"start":{"line":18,"column":23},"end":{"line":18,"column":42}}},"3":{"name":"messageOnBody","line":23,"loc":{"start":{"line":23,"column":8},"end":{"line":23,"column":45}}},"4":{"name":"streamOnData","line":26,"loc":{"start":{"line":26,"column":12},"end":{"line":26,"column":41}}},"5":{"name":"streamOnEnd","line":32,"loc":{"start":{"line":32,"column":31},"end":{"line":32,"column":54}}},"6":{"name":"messageOnAttributes","line":49,"loc":{"start":{"line":49,"column":8},"end":{"line":49,"column":44}}},"7":{"name":"messageOnEnd","line":53,"loc":{"start":{"line":53,"column":8},"end":{"line":53,"column":32}}}},"statementMap":{"1":{"start":{"line":2,"column":0},"end":{"line":2,"column":45}},"2":{"start":{"line":3,"column":0},"end":{"line":3,"column":27}},"3":{"start":{"line":17,"column":0},"end":{"line":66,"column":2}},"4":{"start":{"line":18,"column":4},"end":{"line":65,"column":7}},"5":{"start":{"line":19,"column":8},"end":{"line":19,"column":23}},"6":{"start":{"line":20,"column":8},"end":{"line":20,"column":30}},"7":{"start":{"line":21,"column":8},"end":{"line":21,"column":34}},"8":{"start":{"line":23,"column":8},"end":{"line":47,"column":9}},"9":{"start":{"line":24,"column":12},"end":{"line":24,"column":26}},"10":{"start":{"line":26,"column":12},"end":{"line":28,"column":13}},"11":{"start":{"line":27,"column":16},"end":{"line":27,"column":47}},"12":{"start":{"line":30,"column":12},"end":{"line":30,"column":44}},"13":{"start":{"line":32,"column":12},"end":{"line":46,"column":15}},"14":{"start":{"line":33,"column":16},"end":{"line":33,"column":60}},"15":{"start":{"line":35,"column":16},"end":{"line":39,"column":18}},"16":{"start":{"line":41,"column":16},"end":{"line":43,"column":17}},"17":{"start":{"line":42,"column":20},"end":{"line":42,"column":60}},"18":{"start":{"line":45,"column":16},"end":{"line":45,"column":40}},"19":{"start":{"line":49,"column":8},"end":{"line":51,"column":9}},"20":{"start":{"line":50,"column":12},"end":{"line":50,"column":31}},"21":{"start":{"line":53,"column":8},"end":{"line":60,"column":9}},"22":{"start":{"line":54,"column":12},"end":{"line":54,"column":58}},"23":{"start":{"line":55,"column":12},"end":{"line":55,"column":70}},"24":{"start":{"line":56,"column":12},"end":{"line":59,"column":15}},"25":{"start":{"line":62,"column":8},"end":{"line":62,"column":42}},"26":{"start":{"line":63,"column":8},"end":{"line":63,"column":56}},"27":{"start":{"line":64,"column":8},"end":{"line":64,"column":42}}},"branchMap":{"1":{"line":41,"type":"if","locations":[{"start":{"line":41,"column":16},"end":{"line":41,"column":16}},{"start":{"line":41,"column":16},"end":{"line":41,"column":16}}]}},"code":["'use strict';","var Promise = require('es6-promise').Promise;","var Imap = require('imap');","","/**"," * Given an 'ImapMessage' from the node-imap library,"," * retrieves the message formatted as:"," *"," * {"," *   attributes: object,"," *   parts: [ { which: string, size: number, body: string }, ... ]"," * }"," *"," * @param {object} message an ImapMessage from the node-imap library"," * @returns {Promise} a promise resolving to `message` with schema as described above"," */","module.exports = function getMessage(message) {","    return new Promise(function (resolve) {","        var attributes;","        var messageParts = [];","        var isHeader = /^HEADER/g;","","        function messageOnBody(stream, info) {","            var body = '';","","            function streamOnData(chunk) {","                body += chunk.toString('utf8');","            }","","            stream.on('data', streamOnData);","","            stream.once('end', function streamOnEnd() {","                stream.removeListener('data', streamOnData);","","                var part = {","                    which: info.which,","                    size: info.size,","                    body: body","                };","","                if (isHeader.test(part.which)) {","                    part.body = Imap.parseHeader(part.body);","                }","","                messageParts.push(part);","            });","        }","","        function messageOnAttributes(attrs) {","            attributes = attrs;","        }","","        function messageOnEnd() {","            message.removeListener('body', messageOnBody);","            message.removeListener('attributes', messageOnAttributes);","            resolve({","                attributes: attributes,","                parts: messageParts","            });","        }","","        message.on('body', messageOnBody);","        message.once('attributes', messageOnAttributes);","        message.once('end', messageOnEnd);","    });","};",""],"l":{"2":1,"3":1,"17":1,"18":0,"19":0,"20":0,"21":0,"23":1,"24":0,"26":1,"27":0,"30":0,"32":0,"33":0,"35":0,"41":0,"42":0,"45":0,"49":1,"50":0,"53":1,"54":0,"55":0,"56":0,"62":0,"63":0,"64":0}},"/home/travis/build/npmtest/node-npmtest-imap-simple/node_modules/imap-simple/lib/errors.js":{"path":"/home/travis/build/npmtest/node-npmtest-imap-simple/node_modules/imap-simple/lib/errors.js","s":{"1":1,"2":1,"3":0,"4":0,"5":0,"6":0,"7":0,"8":0,"9":1,"10":1},"b":{"1":[0,0]},"f":{"1":0},"fnMap":{"1":{"name":"ConnectionTimeoutError","line":10,"loc":{"start":{"line":10,"column":0},"end":{"line":10,"column":41}}}},"statementMap":{"1":{"start":{"line":2,"column":0},"end":{"line":2,"column":27}},"2":{"start":{"line":10,"column":0},"end":{"line":20,"column":1}},"3":{"start":{"line":11,"column":4},"end":{"line":11,"column":21}},"4":{"start":{"line":12,"column":4},"end":{"line":12,"column":52}},"5":{"start":{"line":13,"column":4},"end":{"line":13,"column":42}},"6":{"start":{"line":15,"column":4},"end":{"line":17,"column":5}},"7":{"start":{"line":16,"column":8},"end":{"line":16,"column":57}},"8":{"start":{"line":19,"column":4},"end":{"line":19,"column":41}},"9":{"start":{"line":22,"column":0},"end":{"line":22,"column":45}},"10":{"start":{"line":24,"column":0},"end":{"line":24,"column":56}}},"branchMap":{"1":{"line":15,"type":"if","locations":[{"start":{"line":15,"column":4},"end":{"line":15,"column":4}},{"start":{"line":15,"column":4},"end":{"line":15,"column":4}}]}},"code":["'use strict';","var util = require('util');","","/**"," * Error thrown when a connection attempt has timed out"," *"," * @param {number} timeout timeout in milliseconds that the connection waited before timing out"," * @constructor"," */","function ConnectionTimeoutError(timeout) {","    Error.call(this);","    Error.captureStackTrace(this, this.constructor);","    this.message = 'connection timed out';","","    if (timeout) {","        this.message += '. timeout = ' + timeout + ' ms';","    }","","    this.name = 'ConnectionTimeoutError';","}","","util.inherits(ConnectionTimeoutError, Error);","","exports.ConnectionTimeoutError = ConnectionTimeoutError;",""],"l":{"2":1,"10":1,"11":0,"12":0,"13":0,"15":0,"16":0,"19":0,"22":1,"24":1}}}